{"D:\\Application\\Gesco-main\\src\\components\\finance\\FinancialStatementModal.tsx": {"path":"D:\\Application\\Gesco-main\\src\\components\\finance\\FinancialStatementModal.tsx","statementMap":{"0":{"start":{"line":14,"column":79},"end":{"line":172,"column":null}},"1":{"start":{"line":21,"column":30},"end":{"line":21,"column":null}},"2":{"start":{"line":23,"column":2},"end":{"line":27,"column":null}},"3":{"start":{"line":24,"column":4},"end":{"line":26,"column":null}},"4":{"start":{"line":25,"column":6},"end":{"line":25,"column":null}},"5":{"start":{"line":29,"column":2},"end":{"line":29,"column":null}},"6":{"start":{"line":29,"column":30},"end":{"line":29,"column":null}},"7":{"start":{"line":31,"column":19},"end":{"line":31,"column":null}},"8":{"start":{"line":33,"column":2},"end":{"line":170,"column":null}},"9":{"start":{"line":139,"column":20},"end":{"line":149,"column":null}},"10":{"start":{"line":161,"column":79},"end":{"line":161,"column":null}},"11":{"start":{"line":164,"column":71},"end":{"line":164,"column":null}}},"fnMap":{"0":{"name":"(anonymous_0)","decl":{"start":{"line":14,"column":79},"end":{"line":14,"column":80}},"loc":{"start":{"line":20,"column":6},"end":{"line":172,"column":null}},"line":20},"1":{"name":"(anonymous_1)","decl":{"start":{"line":23,"column":12},"end":{"line":23,"column":18}},"loc":{"start":{"line":23,"column":18},"end":{"line":27,"column":5}},"line":23},"2":{"name":"(anonymous_2)","decl":{"start":{"line":138,"column":31},"end":{"line":138,"column":32}},"loc":{"start":{"line":139,"column":20},"end":{"line":149,"column":null}},"line":139},"3":{"name":"(anonymous_3)","decl":{"start":{"line":161,"column":73},"end":{"line":161,"column":79}},"loc":{"start":{"line":161,"column":79},"end":{"line":161,"column":null}},"line":161},"4":{"name":"(anonymous_4)","decl":{"start":{"line":164,"column":65},"end":{"line":164,"column":71}},"loc":{"start":{"line":164,"column":71},"end":{"line":164,"column":null}},"line":164}},"branchMap":{"0":{"loc":{"start":{"line":24,"column":4},"end":{"line":26,"column":null}},"type":"if","locations":[{"start":{"line":24,"column":4},"end":{"line":26,"column":null}},{"start":{},"end":{}}],"line":24},"1":{"loc":{"start":{"line":29,"column":2},"end":{"line":29,"column":null}},"type":"if","locations":[{"start":{"line":29,"column":2},"end":{"line":29,"column":null}},{"start":{},"end":{}}],"line":29},"2":{"loc":{"start":{"line":29,"column":6},"end":{"line":29,"column":30}},"type":"binary-expr","locations":[{"start":{"line":29,"column":6},"end":{"line":29,"column":17}},{"start":{"line":29,"column":17},"end":{"line":29,"column":30}}],"line":29},"3":{"loc":{"start":{"line":31,"column":69},"end":{"line":31,"column":101}},"type":"binary-expr","locations":[{"start":{"line":31,"column":69},"end":{"line":31,"column":95}},{"start":{"line":31,"column":95},"end":{"line":31,"column":101}}],"line":31},"4":{"loc":{"start":{"line":78,"column":69},"end":{"line":78,"column":114}},"type":"binary-expr","locations":[{"start":{"line":78,"column":69},"end":{"line":78,"column":97}},{"start":{"line":78,"column":97},"end":{"line":78,"column":114}}],"line":78},"5":{"loc":{"start":{"line":107,"column":42},"end":{"line":107,"column":144}},"type":"cond-expr","locations":[{"start":{"line":107,"column":77},"end":{"line":107,"column":90}},{"start":{"line":107,"column":90},"end":{"line":107,"column":144}}],"line":107},"6":{"loc":{"start":{"line":107,"column":90},"end":{"line":107,"column":144}},"type":"cond-expr","locations":[{"start":{"line":107,"column":117},"end":{"line":107,"column":132}},{"start":{"line":107,"column":132},"end":{"line":107,"column":144}}],"line":107},"7":{"loc":{"start":{"line":131,"column":17},"end":{"line":150,"column":null}},"type":"cond-expr","locations":[{"start":{"line":132,"column":18},"end":{"line":136,"column":null}},{"start":{"line":138,"column":18},"end":{"line":150,"column":null}}],"line":131},"8":{"loc":{"start":{"line":139,"column":53},"end":{"line":139,"column":88}},"type":"cond-expr","locations":[{"start":{"line":139,"column":80},"end":{"line":139,"column":86}},{"start":{"line":139,"column":86},"end":{"line":139,"column":88}}],"line":139},"9":{"loc":{"start":{"line":145,"column":50},"end":{"line":145,"column":103}},"type":"cond-expr","locations":[{"start":{"line":145,"column":77},"end":{"line":145,"column":92}},{"start":{"line":145,"column":92},"end":{"line":145,"column":103}}],"line":145}},"s":{"0":1,"1":2,"2":2,"3":1,"4":0,"5":2,"6":2,"7":0,"8":2,"9":0,"10":0,"11":0},"f":{"0":2,"1":1,"2":0,"3":0,"4":0},"b":{"0":[0,1],"1":[2,0],"2":[2,0],"3":[0,0],"4":[2,0],"5":[0,0],"6":[0,0],"7":[0,0],"8":[0,0],"9":[0,0]},"meta":{"lastBranch":10,"lastFunction":5,"lastStatement":12,"seen":{"s:14:79:172:Infinity":0,"f:14:79:14:80":0,"s:21:30:21:Infinity":1,"s:23:2:27:Infinity":2,"f:23:12:23:18":1,"b:24:4:26:Infinity:undefined:undefined:undefined:undefined":0,"s:24:4:26:Infinity":3,"s:25:6:25:Infinity":4,"b:29:2:29:Infinity:undefined:undefined:undefined:undefined":1,"s:29:2:29:Infinity":5,"b:29:6:29:17:29:17:29:30":2,"s:29:30:29:Infinity":6,"s:31:19:31:Infinity":7,"b:31:69:31:95:31:95:31:101":3,"s:33:2:170:Infinity":8,"b:78:69:78:97:78:97:78:114":4,"b:107:77:107:90:107:90:107:144":5,"b:107:117:107:132:107:132:107:144":6,"b:132:18:136:Infinity:138:18:150:Infinity":7,"f:138:31:138:32":2,"s:139:20:149:Infinity":9,"b:139:80:139:86:139:86:139:88":8,"b:145:77:145:92:145:92:145:103":9,"f:161:73:161:79":3,"s:161:79:161:Infinity":10,"f:164:65:164:71":4,"s:164:71:164:Infinity":11},"fnNames":{}}}
,"D:\\Application\\Gesco-main\\src\\components\\finance\\FinancialTrackingView.tsx": {"path":"D:\\Application\\Gesco-main\\src\\components\\finance\\FinancialTrackingView.tsx","statementMap":{"0":{"start":{"line":24,"column":74},"end":{"line":35,"column":null}},"1":{"start":{"line":37,"column":47},"end":{"line":415,"column":null}},"2":{"start":{"line":51,"column":2},"end":{"line":51,"column":null}},"3":{"start":{"line":53,"column":91},"end":{"line":54,"column":null}},"4":{"start":{"line":57,"column":52},"end":{"line":57,"column":null}},"5":{"start":{"line":58,"column":48},"end":{"line":58,"column":null}},"6":{"start":{"line":59,"column":34},"end":{"line":59,"column":null}},"7":{"start":{"line":61,"column":28},"end":{"line":63,"column":null}},"8":{"start":{"line":62,"column":4},"end":{"line":62,"column":null}},"9":{"start":{"line":65,"column":36},"end":{"line":79,"column":null}},"10":{"start":{"line":66,"column":4},"end":{"line":66,"column":null}},"11":{"start":{"line":66,"column":28},"end":{"line":66,"column":null}},"12":{"start":{"line":67,"column":16},"end":{"line":70,"column":null}},"13":{"start":{"line":72,"column":4},"end":{"line":77,"column":null}},"14":{"start":{"line":73,"column":6},"end":{"line":73,"column":null}},"15":{"start":{"line":74,"column":6},"end":{"line":74,"column":null}},"16":{"start":{"line":75,"column":6},"end":{"line":75,"column":null}},"17":{"start":{"line":75,"column":23},"end":{"line":75,"column":44}},"18":{"start":{"line":76,"column":6},"end":{"line":76,"column":null}},"19":{"start":{"line":78,"column":4},"end":{"line":78,"column":null}},"20":{"start":{"line":81,"column":2},"end":{"line":413,"column":null}},"21":{"start":{"line":100,"column":91},"end":{"line":100,"column":107}},"22":{"start":{"line":204,"column":14},"end":{"line":206,"column":null}},"23":{"start":{"line":234,"column":35},"end":{"line":234,"column":null}},"24":{"start":{"line":244,"column":33},"end":{"line":244,"column":null}},"25":{"start":{"line":247,"column":18},"end":{"line":249,"column":null}},"26":{"start":{"line":259,"column":33},"end":{"line":259,"column":null}},"27":{"start":{"line":308,"column":35},"end":{"line":308,"column":null}},"28":{"start":{"line":309,"column":18},"end":{"line":373,"column":null}},"29":{"start":{"line":346,"column":43},"end":{"line":346,"column":null}},"30":{"start":{"line":353,"column":43},"end":{"line":353,"column":null}},"31":{"start":{"line":360,"column":43},"end":{"line":360,"column":null}},"32":{"start":{"line":367,"column":43},"end":{"line":367,"column":null}},"33":{"start":{"line":386,"column":23},"end":{"line":386,"column":null}},"34":{"start":{"line":397,"column":25},"end":{"line":397,"column":null}},"35":{"start":{"line":406,"column":23},"end":{"line":406,"column":null}},"36":{"start":{"line":410,"column":10},"end":{"line":410,"column":null}}},"fnMap":{"0":{"name":"(anonymous_0)","decl":{"start":{"line":37,"column":47},"end":{"line":37,"column":53}},"loc":{"start":{"line":37,"column":53},"end":{"line":415,"column":null}},"line":37},"1":{"name":"(anonymous_1)","decl":{"start":{"line":61,"column":28},"end":{"line":61,"column":29}},"loc":{"start":{"line":61,"column":72},"end":{"line":63,"column":null}},"line":61},"2":{"name":"(anonymous_2)","decl":{"start":{"line":65,"column":36},"end":{"line":65,"column":43}},"loc":{"start":{"line":65,"column":57},"end":{"line":79,"column":null}},"line":65},"3":{"name":"(anonymous_3)","decl":{"start":{"line":75,"column":17},"end":{"line":75,"column":23}},"loc":{"start":{"line":75,"column":23},"end":{"line":75,"column":44}},"line":75},"4":{"name":"(anonymous_4)","decl":{"start":{"line":100,"column":85},"end":{"line":100,"column":91}},"loc":{"start":{"line":100,"column":91},"end":{"line":100,"column":107}},"line":100},"5":{"name":"(anonymous_5)","decl":{"start":{"line":203,"column":36},"end":{"line":203,"column":37}},"loc":{"start":{"line":204,"column":14},"end":{"line":206,"column":null}},"line":204},"6":{"name":"(anonymous_6)","decl":{"start":{"line":234,"column":28},"end":{"line":234,"column":29}},"loc":{"start":{"line":234,"column":35},"end":{"line":234,"column":null}},"line":234},"7":{"name":"(anonymous_7)","decl":{"start":{"line":244,"column":26},"end":{"line":244,"column":27}},"loc":{"start":{"line":244,"column":33},"end":{"line":244,"column":null}},"line":244},"8":{"name":"(anonymous_8)","decl":{"start":{"line":246,"column":35},"end":{"line":246,"column":36}},"loc":{"start":{"line":247,"column":18},"end":{"line":249,"column":null}},"line":247},"9":{"name":"(anonymous_9)","decl":{"start":{"line":259,"column":26},"end":{"line":259,"column":27}},"loc":{"start":{"line":259,"column":33},"end":{"line":259,"column":null}},"line":259},"10":{"name":"(anonymous_10)","decl":{"start":{"line":307,"column":40},"end":{"line":307,"column":41}},"loc":{"start":{"line":307,"column":49},"end":{"line":375,"column":17}},"line":307},"11":{"name":"(anonymous_11)","decl":{"start":{"line":346,"column":37},"end":{"line":346,"column":43}},"loc":{"start":{"line":346,"column":43},"end":{"line":346,"column":null}},"line":346},"12":{"name":"(anonymous_12)","decl":{"start":{"line":353,"column":37},"end":{"line":353,"column":43}},"loc":{"start":{"line":353,"column":43},"end":{"line":353,"column":null}},"line":353},"13":{"name":"(anonymous_13)","decl":{"start":{"line":360,"column":37},"end":{"line":360,"column":43}},"loc":{"start":{"line":360,"column":43},"end":{"line":360,"column":null}},"line":360},"14":{"name":"(anonymous_14)","decl":{"start":{"line":367,"column":37},"end":{"line":367,"column":43}},"loc":{"start":{"line":367,"column":43},"end":{"line":367,"column":null}},"line":367},"15":{"name":"(anonymous_15)","decl":{"start":{"line":386,"column":17},"end":{"line":386,"column":23}},"loc":{"start":{"line":386,"column":23},"end":{"line":386,"column":null}},"line":386},"16":{"name":"(anonymous_16)","decl":{"start":{"line":397,"column":19},"end":{"line":397,"column":25}},"loc":{"start":{"line":397,"column":25},"end":{"line":397,"column":null}},"line":397},"17":{"name":"(anonymous_17)","decl":{"start":{"line":406,"column":17},"end":{"line":406,"column":23}},"loc":{"start":{"line":406,"column":23},"end":{"line":406,"column":null}},"line":406},"18":{"name":"(anonymous_18)","decl":{"start":{"line":409,"column":22},"end":{"line":409,"column":28}},"loc":{"start":{"line":409,"column":28},"end":{"line":411,"column":null}},"line":409}},"branchMap":{"0":{"loc":{"start":{"line":66,"column":4},"end":{"line":66,"column":null}},"type":"if","locations":[{"start":{"line":66,"column":4},"end":{"line":66,"column":null}},{"start":{},"end":{}}],"line":66},"1":{"loc":{"start":{"line":72,"column":4},"end":{"line":77,"column":null}},"type":"if","locations":[{"start":{"line":72,"column":4},"end":{"line":77,"column":null}},{"start":{},"end":{}}],"line":72},"2":{"loc":{"start":{"line":106,"column":7},"end":{"line":109,"column":null}},"type":"binary-expr","locations":[{"start":{"line":106,"column":7},"end":{"line":106,"column":null}},{"start":{"line":107,"column":8},"end":{"line":109,"column":null}}],"line":106},"3":{"loc":{"start":{"line":194,"column":7},"end":{"line":214,"column":null}},"type":"binary-expr","locations":[{"start":{"line":194,"column":7},"end":{"line":194,"column":null}},{"start":{"line":195,"column":8},"end":{"line":214,"column":null}}],"line":194},"4":{"loc":{"start":{"line":208,"column":13},"end":{"line":211,"column":null}},"type":"binary-expr","locations":[{"start":{"line":208,"column":13},"end":{"line":208,"column":null}},{"start":{"line":209,"column":14},"end":{"line":211,"column":null}}],"line":208},"5":{"loc":{"start":{"line":243,"column":23},"end":{"line":243,"column":null}},"type":"binary-expr","locations":[{"start":{"line":243,"column":23},"end":{"line":243,"column":44}},{"start":{"line":243,"column":44},"end":{"line":243,"column":null}}],"line":243},"6":{"loc":{"start":{"line":258,"column":23},"end":{"line":258,"column":null}},"type":"binary-expr","locations":[{"start":{"line":258,"column":23},"end":{"line":258,"column":41}},{"start":{"line":258,"column":41},"end":{"line":258,"column":null}}],"line":258},"7":{"loc":{"start":{"line":300,"column":15},"end":{"line":375,"column":null}},"type":"cond-expr","locations":[{"start":{"line":301,"column":16},"end":{"line":305,"column":null}},{"start":{"line":307,"column":16},"end":{"line":375,"column":null}}],"line":300},"8":{"loc":{"start":{"line":308,"column":78},"end":{"line":308,"column":103}},"type":"binary-expr","locations":[{"start":{"line":308,"column":78},"end":{"line":308,"column":97}},{"start":{"line":308,"column":97},"end":{"line":308,"column":103}}],"line":308},"9":{"loc":{"start":{"line":314,"column":78},"end":{"line":314,"column":116}},"type":"binary-expr","locations":[{"start":{"line":314,"column":78},"end":{"line":314,"column":99}},{"start":{"line":314,"column":99},"end":{"line":314,"column":116}}],"line":314},"10":{"loc":{"start":{"line":321,"column":84},"end":{"line":321,"column":134}},"type":"cond-expr","locations":[{"start":{"line":321,"column":111},"end":{"line":321,"column":123}},{"start":{"line":321,"column":123},"end":{"line":321,"column":134}}],"line":321},"11":{"loc":{"start":{"line":333,"column":25},"end":{"line":338,"column":null}},"type":"cond-expr","locations":[{"start":{"line":334,"column":26},"end":{"line":334,"column":null}},{"start":{"line":335,"column":28},"end":{"line":338,"column":null}}],"line":333},"12":{"loc":{"start":{"line":335,"column":28},"end":{"line":338,"column":null}},"type":"cond-expr","locations":[{"start":{"line":336,"column":26},"end":{"line":336,"column":null}},{"start":{"line":338,"column":26},"end":{"line":338,"column":null}}],"line":335},"13":{"loc":{"start":{"line":392,"column":7},"end":{"line":399,"column":null}},"type":"binary-expr","locations":[{"start":{"line":392,"column":7},"end":{"line":392,"column":null}},{"start":{"line":393,"column":8},"end":{"line":399,"column":null}}],"line":392}},"s":{"0":1,"1":1,"2":2,"3":2,"4":2,"5":2,"6":2,"7":2,"8":0,"9":2,"10":0,"11":0,"12":0,"13":0,"14":0,"15":0,"16":0,"17":0,"18":0,"19":0,"20":2,"21":0,"22":2,"23":0,"24":0,"25":20,"26":0,"27":1,"28":1,"29":0,"30":0,"31":0,"32":0,"33":0,"34":0,"35":0,"36":0},"f":{"0":2,"1":0,"2":0,"3":0,"4":0,"5":2,"6":0,"7":0,"8":20,"9":0,"10":1,"11":0,"12":0,"13":0,"14":0,"15":0,"16":0,"17":0,"18":0},"b":{"0":[0,0],"1":[0,0],"2":[2,0],"3":[2,1],"4":[1,0],"5":[2,0],"6":[2,0],"7":[1,1],"8":[1,0],"9":[1,1],"10":[1,0],"11":[0,1],"12":[0,1],"13":[2,0]},"meta":{"lastBranch":14,"lastFunction":19,"lastStatement":37,"seen":{"s:24:74:35:Infinity":0,"s:37:47:415:Infinity":1,"f:37:47:37:53":0,"s:51:2:51:Infinity":2,"s:53:91:54:Infinity":3,"s:57:52:57:Infinity":4,"s:58:48:58:Infinity":5,"s:59:34:59:Infinity":6,"s:61:28:63:Infinity":7,"f:61:28:61:29":1,"s:62:4:62:Infinity":8,"s:65:36:79:Infinity":9,"f:65:36:65:43":2,"b:66:4:66:Infinity:undefined:undefined:undefined:undefined":0,"s:66:4:66:Infinity":10,"s:66:28:66:Infinity":11,"s:67:16:70:Infinity":12,"b:72:4:77:Infinity:undefined:undefined:undefined:undefined":1,"s:72:4:77:Infinity":13,"s:73:6:73:Infinity":14,"s:74:6:74:Infinity":15,"s:75:6:75:Infinity":16,"f:75:17:75:23":3,"s:75:23:75:44":17,"s:76:6:76:Infinity":18,"s:78:4:78:Infinity":19,"s:81:2:413:Infinity":20,"f:100:85:100:91":4,"s:100:91:100:107":21,"b:106:7:106:Infinity:107:8:109:Infinity":2,"b:194:7:194:Infinity:195:8:214:Infinity":3,"f:203:36:203:37":5,"s:204:14:206:Infinity":22,"b:208:13:208:Infinity:209:14:211:Infinity":4,"f:234:28:234:29":6,"s:234:35:234:Infinity":23,"b:243:23:243:44:243:44:243:Infinity":5,"f:244:26:244:27":7,"s:244:33:244:Infinity":24,"f:246:35:246:36":8,"s:247:18:249:Infinity":25,"b:258:23:258:41:258:41:258:Infinity":6,"f:259:26:259:27":9,"s:259:33:259:Infinity":26,"b:301:16:305:Infinity:307:16:375:Infinity":7,"f:307:40:307:41":10,"s:308:35:308:Infinity":27,"b:308:78:308:97:308:97:308:103":8,"s:309:18:373:Infinity":28,"b:314:78:314:99:314:99:314:116":9,"b:321:111:321:123:321:123:321:134":10,"b:334:26:334:Infinity:335:28:338:Infinity":11,"b:336:26:336:Infinity:338:26:338:Infinity":12,"f:346:37:346:43":11,"s:346:43:346:Infinity":29,"f:353:37:353:43":12,"s:353:43:353:Infinity":30,"f:360:37:360:43":13,"s:360:43:360:Infinity":31,"f:367:37:367:43":14,"s:367:43:367:Infinity":32,"f:386:17:386:23":15,"s:386:23:386:Infinity":33,"b:392:7:392:Infinity:393:8:399:Infinity":13,"f:397:19:397:25":16,"s:397:25:397:Infinity":34,"f:406:17:406:23":17,"s:406:23:406:Infinity":35,"f:409:22:409:28":18,"s:410:10:410:Infinity":36},"fnNames":{}}}
,"D:\\Application\\Gesco-main\\src\\components\\finance\\PaymentRecordingModal.tsx": {"path":"D:\\Application\\Gesco-main\\src\\components\\finance\\PaymentRecordingModal.tsx","statementMap":{"0":{"start":{"line":22,"column":75},"end":{"line":251,"column":null}},"1":{"start":{"line":30,"column":26},"end":{"line":30,"column":null}},"2":{"start":{"line":31,"column":36},"end":{"line":31,"column":null}},"3":{"start":{"line":32,"column":36},"end":{"line":32,"column":null}},"4":{"start":{"line":33,"column":44},"end":{"line":33,"column":null}},"5":{"start":{"line":34,"column":28},"end":{"line":34,"column":null}},"6":{"start":{"line":35,"column":58},"end":{"line":35,"column":null}},"7":{"start":{"line":36,"column":24},"end":{"line":36,"column":null}},"8":{"start":{"line":37,"column":34},"end":{"line":37,"column":null}},"9":{"start":{"line":39,"column":2},"end":{"line":52,"column":null}},"10":{"start":{"line":40,"column":4},"end":{"line":45,"column":null}},"11":{"start":{"line":41,"column":22},"end":{"line":41,"column":null}},"12":{"start":{"line":42,"column":6},"end":{"line":42,"column":null}},"13":{"start":{"line":44,"column":6},"end":{"line":44,"column":null}},"14":{"start":{"line":46,"column":4},"end":{"line":46,"column":null}},"15":{"start":{"line":47,"column":4},"end":{"line":47,"column":null}},"16":{"start":{"line":48,"column":4},"end":{"line":48,"column":null}},"17":{"start":{"line":49,"column":4},"end":{"line":49,"column":null}},"18":{"start":{"line":50,"column":4},"end":{"line":50,"column":null}},"19":{"start":{"line":51,"column":4},"end":{"line":51,"column":null}},"20":{"start":{"line":54,"column":2},"end":{"line":54,"column":null}},"21":{"start":{"line":54,"column":15},"end":{"line":54,"column":null}},"22":{"start":{"line":56,"column":23},"end":{"line":90,"column":null}},"23":{"start":{"line":57,"column":4},"end":{"line":57,"column":null}},"24":{"start":{"line":58,"column":4},"end":{"line":58,"column":null}},"25":{"start":{"line":60,"column":26},"end":{"line":60,"column":null}},"26":{"start":{"line":61,"column":4},"end":{"line":64,"column":null}},"27":{"start":{"line":62,"column":6},"end":{"line":62,"column":null}},"28":{"start":{"line":63,"column":6},"end":{"line":63,"column":null}},"29":{"start":{"line":66,"column":4},"end":{"line":69,"column":null}},"30":{"start":{"line":67,"column":6},"end":{"line":67,"column":null}},"31":{"start":{"line":68,"column":6},"end":{"line":68,"column":null}},"32":{"start":{"line":71,"column":4},"end":{"line":71,"column":null}},"33":{"start":{"line":72,"column":4},"end":{"line":89,"column":null}},"34":{"start":{"line":73,"column":17},"end":{"line":80,"column":null}},"35":{"start":{"line":82,"column":6},"end":{"line":84,"column":null}},"36":{"start":{"line":83,"column":8},"end":{"line":83,"column":null}},"37":{"start":{"line":86,"column":6},"end":{"line":86,"column":null}},"38":{"start":{"line":88,"column":6},"end":{"line":88,"column":null}},"39":{"start":{"line":92,"column":2},"end":{"line":249,"column":null}},"40":{"start":{"line":130,"column":31},"end":{"line":130,"column":55}},"41":{"start":{"line":149,"column":34},"end":{"line":149,"column":null}},"42":{"start":{"line":156,"column":33},"end":{"line":156,"column":null}},"43":{"start":{"line":178,"column":31},"end":{"line":178,"column":null}},"44":{"start":{"line":193,"column":33},"end":{"line":193,"column":null}},"45":{"start":{"line":203,"column":33},"end":{"line":203,"column":null}},"46":{"start":{"line":206,"column":18},"end":{"line":208,"column":null}},"47":{"start":{"line":222,"column":31},"end":{"line":222,"column":null}},"48":{"start":{"line":234,"column":31},"end":{"line":234,"column":null}}},"fnMap":{"0":{"name":"(anonymous_0)","decl":{"start":{"line":22,"column":75},"end":{"line":22,"column":76}},"loc":{"start":{"line":29,"column":6},"end":{"line":251,"column":null}},"line":29},"1":{"name":"(anonymous_1)","decl":{"start":{"line":39,"column":12},"end":{"line":39,"column":18}},"loc":{"start":{"line":39,"column":18},"end":{"line":52,"column":5}},"line":39},"2":{"name":"(anonymous_2)","decl":{"start":{"line":56,"column":23},"end":{"line":56,"column":30}},"loc":{"start":{"line":56,"column":95},"end":{"line":90,"column":null}},"line":56},"3":{"name":"(anonymous_3)","decl":{"start":{"line":130,"column":24},"end":{"line":130,"column":25}},"loc":{"start":{"line":130,"column":31},"end":{"line":130,"column":55}},"line":130},"4":{"name":"(anonymous_4)","decl":{"start":{"line":149,"column":27},"end":{"line":149,"column":28}},"loc":{"start":{"line":149,"column":34},"end":{"line":149,"column":null}},"line":149},"5":{"name":"(anonymous_5)","decl":{"start":{"line":156,"column":27},"end":{"line":156,"column":33}},"loc":{"start":{"line":156,"column":33},"end":{"line":156,"column":null}},"line":156},"6":{"name":"(anonymous_6)","decl":{"start":{"line":178,"column":24},"end":{"line":178,"column":25}},"loc":{"start":{"line":178,"column":31},"end":{"line":178,"column":null}},"line":178},"7":{"name":"(anonymous_7)","decl":{"start":{"line":193,"column":26},"end":{"line":193,"column":27}},"loc":{"start":{"line":193,"column":33},"end":{"line":193,"column":null}},"line":193},"8":{"name":"(anonymous_8)","decl":{"start":{"line":203,"column":26},"end":{"line":203,"column":27}},"loc":{"start":{"line":203,"column":33},"end":{"line":203,"column":null}},"line":203},"9":{"name":"(anonymous_9)","decl":{"start":{"line":205,"column":73},"end":{"line":205,"column":74}},"loc":{"start":{"line":206,"column":18},"end":{"line":208,"column":null}},"line":206},"10":{"name":"(anonymous_10)","decl":{"start":{"line":222,"column":24},"end":{"line":222,"column":25}},"loc":{"start":{"line":222,"column":31},"end":{"line":222,"column":null}},"line":222},"11":{"name":"(anonymous_11)","decl":{"start":{"line":234,"column":24},"end":{"line":234,"column":25}},"loc":{"start":{"line":234,"column":31},"end":{"line":234,"column":null}},"line":234}},"branchMap":{"0":{"loc":{"start":{"line":40,"column":4},"end":{"line":45,"column":null}},"type":"if","locations":[{"start":{"line":40,"column":4},"end":{"line":45,"column":null}},{"start":{"line":43,"column":11},"end":{"line":45,"column":null}}],"line":40},"1":{"loc":{"start":{"line":42,"column":16},"end":{"line":42,"column":91}},"type":"cond-expr","locations":[{"start":{"line":42,"column":30},"end":{"line":42,"column":51}},{"start":{"line":42,"column":51},"end":{"line":42,"column":91}}],"line":42},"2":{"loc":{"start":{"line":44,"column":16},"end":{"line":44,"column":76}},"type":"cond-expr","locations":[{"start":{"line":44,"column":39},"end":{"line":44,"column":69}},{"start":{"line":44,"column":69},"end":{"line":44,"column":76}}],"line":44},"3":{"loc":{"start":{"line":54,"column":2},"end":{"line":54,"column":null}},"type":"if","locations":[{"start":{"line":54,"column":2},"end":{"line":54,"column":null}},{"start":{},"end":{}}],"line":54},"4":{"loc":{"start":{"line":56,"column":50},"end":{"line":56,"column":95}},"type":"default-arg","locations":[{"start":{"line":56,"column":85},"end":{"line":56,"column":95}}],"line":56},"5":{"loc":{"start":{"line":61,"column":4},"end":{"line":64,"column":null}},"type":"if","locations":[{"start":{"line":61,"column":4},"end":{"line":64,"column":null}},{"start":{},"end":{}}],"line":61},"6":{"loc":{"start":{"line":61,"column":8},"end":{"line":61,"column":52}},"type":"binary-expr","locations":[{"start":{"line":61,"column":8},"end":{"line":61,"column":32}},{"start":{"line":61,"column":32},"end":{"line":61,"column":52}}],"line":61},"7":{"loc":{"start":{"line":66,"column":4},"end":{"line":69,"column":null}},"type":"if","locations":[{"start":{"line":66,"column":4},"end":{"line":69,"column":null}},{"start":{},"end":{}}],"line":66},"8":{"loc":{"start":{"line":66,"column":8},"end":{"line":66,"column":97}},"type":"binary-expr","locations":[{"start":{"line":66,"column":8},"end":{"line":66,"column":44}},{"start":{"line":66,"column":44},"end":{"line":66,"column":72}},{"start":{"line":66,"column":72},"end":{"line":66,"column":97}}],"line":66},"9":{"loc":{"start":{"line":77,"column":25},"end":{"line":77,"column":null}},"type":"binary-expr","locations":[{"start":{"line":77,"column":25},"end":{"line":77,"column":51}},{"start":{"line":77,"column":51},"end":{"line":77,"column":null}}],"line":77},"10":{"loc":{"start":{"line":78,"column":17},"end":{"line":78,"column":null}},"type":"binary-expr","locations":[{"start":{"line":78,"column":17},"end":{"line":78,"column":35}},{"start":{"line":78,"column":35},"end":{"line":78,"column":null}}],"line":78},"11":{"loc":{"start":{"line":79,"column":28},"end":{"line":79,"column":null}},"type":"binary-expr","locations":[{"start":{"line":79,"column":28},"end":{"line":79,"column":55}},{"start":{"line":79,"column":55},"end":{"line":79,"column":null}}],"line":79},"12":{"loc":{"start":{"line":82,"column":6},"end":{"line":84,"column":null}},"type":"if","locations":[{"start":{"line":82,"column":6},"end":{"line":84,"column":null}},{"start":{},"end":{}}],"line":82},"13":{"loc":{"start":{"line":86,"column":15},"end":{"line":86,"column":77}},"type":"binary-expr","locations":[{"start":{"line":86,"column":15},"end":{"line":86,"column":30}},{"start":{"line":86,"column":30},"end":{"line":86,"column":77}}],"line":86},"14":{"loc":{"start":{"line":131,"column":11},"end":{"line":134,"column":null}},"type":"binary-expr","locations":[{"start":{"line":131,"column":11},"end":{"line":131,"column":null}},{"start":{"line":132,"column":12},"end":{"line":134,"column":null}}],"line":131},"15":{"loc":{"start":{"line":137,"column":11},"end":{"line":161,"column":null}},"type":"binary-expr","locations":[{"start":{"line":137,"column":11},"end":{"line":137,"column":null}},{"start":{"line":138,"column":12},"end":{"line":161,"column":null}}],"line":137},"16":{"loc":{"start":{"line":164,"column":11},"end":{"line":167,"column":null}},"type":"binary-expr","locations":[{"start":{"line":164,"column":11},"end":{"line":164,"column":null}},{"start":{"line":165,"column":12},"end":{"line":167,"column":null}}],"line":164},"17":{"loc":{"start":{"line":244,"column":15},"end":{"line":244,"column":null}},"type":"cond-expr","locations":[{"start":{"line":244,"column":28},"end":{"line":244,"column":46}},{"start":{"line":244,"column":46},"end":{"line":244,"column":null}}],"line":244}},"s":{"0":1,"1":0,"2":0,"3":0,"4":0,"5":0,"6":0,"7":0,"8":0,"9":0,"10":0,"11":0,"12":0,"13":0,"14":0,"15":0,"16":0,"17":0,"18":0,"19":0,"20":0,"21":0,"22":0,"23":0,"24":0,"25":0,"26":0,"27":0,"28":0,"29":0,"30":0,"31":0,"32":0,"33":0,"34":0,"35":0,"36":0,"37":0,"38":0,"39":0,"40":0,"41":0,"42":0,"43":0,"44":0,"45":0,"46":0,"47":0,"48":0},"f":{"0":0,"1":0,"2":0,"3":0,"4":0,"5":0,"6":0,"7":0,"8":0,"9":0,"10":0,"11":0},"b":{"0":[0,0],"1":[0,0],"2":[0,0],"3":[0,0],"4":[0],"5":[0,0],"6":[0,0],"7":[0,0],"8":[0,0,0],"9":[0,0],"10":[0,0],"11":[0,0],"12":[0,0],"13":[0,0],"14":[0,0],"15":[0,0],"16":[0,0],"17":[0,0]},"meta":{"lastBranch":18,"lastFunction":12,"lastStatement":49,"seen":{"s:22:75:251:Infinity":0,"f:22:75:22:76":0,"s:30:26:30:Infinity":1,"s:31:36:31:Infinity":2,"s:32:36:32:Infinity":3,"s:33:44:33:Infinity":4,"s:34:28:34:Infinity":5,"s:35:58:35:Infinity":6,"s:36:24:36:Infinity":7,"s:37:34:37:Infinity":8,"s:39:2:52:Infinity":9,"f:39:12:39:18":1,"b:40:4:45:Infinity:43:11:45:Infinity":0,"s:40:4:45:Infinity":10,"s:41:22:41:Infinity":11,"s:42:6:42:Infinity":12,"b:42:30:42:51:42:51:42:91":1,"s:44:6:44:Infinity":13,"b:44:39:44:69:44:69:44:76":2,"s:46:4:46:Infinity":14,"s:47:4:47:Infinity":15,"s:48:4:48:Infinity":16,"s:49:4:49:Infinity":17,"s:50:4:50:Infinity":18,"s:51:4:51:Infinity":19,"b:54:2:54:Infinity:undefined:undefined:undefined:undefined":3,"s:54:2:54:Infinity":20,"s:54:15:54:Infinity":21,"s:56:23:90:Infinity":22,"f:56:23:56:30":2,"b:56:85:56:95":4,"s:57:4:57:Infinity":23,"s:58:4:58:Infinity":24,"s:60:26:60:Infinity":25,"b:61:4:64:Infinity:undefined:undefined:undefined:undefined":5,"s:61:4:64:Infinity":26,"b:61:8:61:32:61:32:61:52":6,"s:62:6:62:Infinity":27,"s:63:6:63:Infinity":28,"b:66:4:69:Infinity:undefined:undefined:undefined:undefined":7,"s:66:4:69:Infinity":29,"b:66:8:66:44:66:44:66:72:66:72:66:97":8,"s:67:6:67:Infinity":30,"s:68:6:68:Infinity":31,"s:71:4:71:Infinity":32,"s:72:4:89:Infinity":33,"s:73:17:80:Infinity":34,"b:77:25:77:51:77:51:77:Infinity":9,"b:78:17:78:35:78:35:78:Infinity":10,"b:79:28:79:55:79:55:79:Infinity":11,"b:82:6:84:Infinity:undefined:undefined:undefined:undefined":12,"s:82:6:84:Infinity":35,"s:83:8:83:Infinity":36,"s:86:6:86:Infinity":37,"b:86:15:86:30:86:30:86:77":13,"s:88:6:88:Infinity":38,"s:92:2:249:Infinity":39,"f:130:24:130:25":3,"s:130:31:130:55":40,"b:131:11:131:Infinity:132:12:134:Infinity":14,"b:137:11:137:Infinity:138:12:161:Infinity":15,"f:149:27:149:28":4,"s:149:34:149:Infinity":41,"f:156:27:156:33":5,"s:156:33:156:Infinity":42,"b:164:11:164:Infinity:165:12:167:Infinity":16,"f:178:24:178:25":6,"s:178:31:178:Infinity":43,"f:193:26:193:27":7,"s:193:33:193:Infinity":44,"f:203:26:203:27":8,"s:203:33:203:Infinity":45,"f:205:73:205:74":9,"s:206:18:208:Infinity":46,"f:222:24:222:25":10,"s:222:31:222:Infinity":47,"f:234:24:234:25":11,"s:234:31:234:Infinity":48,"b:244:28:244:46:244:46:244:Infinity":17},"fnNames":{}}}
,"D:\\Application\\Gesco-main\\src\\components\\finance\\ReceiptModal.tsx": {"path":"D:\\Application\\Gesco-main\\src\\components\\finance\\ReceiptModal.tsx","statementMap":{"0":{"start":{"line":14,"column":57},"end":{"line":161,"column":null}},"1":{"start":{"line":22,"column":2},"end":{"line":22,"column":null}},"2":{"start":{"line":22,"column":27},"end":{"line":22,"column":null}},"3":{"start":{"line":24,"column":2},"end":{"line":159,"column":null}},"4":{"start":{"line":135,"column":29},"end":{"line":135,"column":null}},"5":{"start":{"line":143,"column":29},"end":{"line":143,"column":null}}},"fnMap":{"0":{"name":"(anonymous_0)","decl":{"start":{"line":14,"column":57},"end":{"line":14,"column":58}},"loc":{"start":{"line":21,"column":6},"end":{"line":161,"column":null}},"line":21},"1":{"name":"(anonymous_1)","decl":{"start":{"line":135,"column":23},"end":{"line":135,"column":29}},"loc":{"start":{"line":135,"column":29},"end":{"line":135,"column":null}},"line":135},"2":{"name":"(anonymous_2)","decl":{"start":{"line":143,"column":23},"end":{"line":143,"column":29}},"loc":{"start":{"line":143,"column":29},"end":{"line":143,"column":null}},"line":143}},"branchMap":{"0":{"loc":{"start":{"line":22,"column":2},"end":{"line":22,"column":null}},"type":"if","locations":[{"start":{"line":22,"column":2},"end":{"line":22,"column":null}},{"start":{},"end":{}}],"line":22},"1":{"loc":{"start":{"line":22,"column":6},"end":{"line":22,"column":27}},"type":"binary-expr","locations":[{"start":{"line":22,"column":6},"end":{"line":22,"column":17}},{"start":{"line":22,"column":17},"end":{"line":22,"column":27}}],"line":22},"2":{"loc":{"start":{"line":104,"column":54},"end":{"line":104,"column":87}},"type":"binary-expr","locations":[{"start":{"line":104,"column":54},"end":{"line":104,"column":81}},{"start":{"line":104,"column":81},"end":{"line":104,"column":87}}],"line":104}},"s":{"0":1,"1":2,"2":2,"3":0,"4":0,"5":0},"f":{"0":2,"1":0,"2":0},"b":{"0":[2,0],"1":[2,0],"2":[0,0]},"meta":{"lastBranch":3,"lastFunction":3,"lastStatement":6,"seen":{"s:14:57:161:Infinity":0,"f:14:57:14:58":0,"b:22:2:22:Infinity:undefined:undefined:undefined:undefined":0,"s:22:2:22:Infinity":1,"b:22:6:22:17:22:17:22:27":1,"s:22:27:22:Infinity":2,"s:24:2:159:Infinity":3,"b:104:54:104:81:104:81:104:87":2,"f:135:23:135:29":1,"s:135:29:135:Infinity":4,"f:143:23:143:29":2,"s:143:29:143:Infinity":5},"fnNames":{}}}
,"D:\\Application\\Gesco-main\\src\\constants\\config.ts": {"path":"D:\\Application\\Gesco-main\\src\\constants\\config.ts","statementMap":{"0":{"start":{"line":5,"column":28},"end":{"line":7,"column":null}},"1":{"start":{"line":9,"column":22},"end":{"line":13,"column":null}},"2":{"start":{"line":15,"column":34},"end":{"line":17,"column":null}},"3":{"start":{"line":19,"column":31},"end":{"line":19,"column":null}}},"fnMap":{},"branchMap":{},"s":{"0":1,"1":1,"2":1,"3":1},"f":{},"b":{},"meta":{"lastBranch":0,"lastFunction":0,"lastStatement":4,"seen":{"s:5:28:7:Infinity":0,"s:9:22:13:Infinity":1,"s:15:34:17:Infinity":2,"s:19:31:19:Infinity":3},"fnNames":{}}}
,"D:\\Application\\Gesco-main\\src\\context\\SchoolYearContext.tsx": {"path":"D:\\Application\\Gesco-main\\src\\context\\SchoolYearContext.tsx","statementMap":{"0":{"start":{"line":16,"column":6},"end":{"line":16,"column":null}},"1":{"start":{"line":19,"column":39},"end":{"line":19,"column":null}},"2":{"start":{"line":20,"column":34},"end":{"line":20,"column":null}},"3":{"start":{"line":23,"column":2},"end":{"line":30,"column":null}},"4":{"start":{"line":24,"column":4},"end":{"line":29,"column":null}},"5":{"start":{"line":25,"column":6},"end":{"line":25,"column":null}},"6":{"start":{"line":26,"column":6},"end":{"line":28,"column":null}},"7":{"start":{"line":27,"column":8},"end":{"line":27,"column":null}},"8":{"start":{"line":33,"column":8},"end":{"line":37,"column":null}},"9":{"start":{"line":34,"column":4},"end":{"line":34,"column":null}},"10":{"start":{"line":35,"column":18},"end":{"line":35,"column":null}},"11":{"start":{"line":36,"column":4},"end":{"line":36,"column":null}},"12":{"start":{"line":36,"column":15},"end":{"line":36,"column":null}},"13":{"start":{"line":39,"column":2},"end":{"line":42,"column":null}},"14":{"start":{"line":47,"column":8},"end":{"line":47,"column":null}},"15":{"start":{"line":48,"column":2},"end":{"line":48,"column":null}},"16":{"start":{"line":48,"column":12},"end":{"line":48,"column":null}},"17":{"start":{"line":49,"column":2},"end":{"line":49,"column":null}}},"fnMap":{"0":{"name":"SchoolYearProvider","decl":{"start":{"line":18,"column":16},"end":{"line":18,"column":35}},"loc":{"start":{"line":18,"column":74},"end":{"line":44,"column":null}},"line":18},"1":{"name":"(anonymous_1)","decl":{"start":{"line":23,"column":12},"end":{"line":23,"column":18}},"loc":{"start":{"line":23,"column":18},"end":{"line":30,"column":5}},"line":23},"2":{"name":"(anonymous_2)","decl":{"start":{"line":24,"column":34},"end":{"line":24,"column":35}},"loc":{"start":{"line":24,"column":65},"end":{"line":29,"column":5}},"line":24},"3":{"name":"(anonymous_3)","decl":{"start":{"line":33,"column":36},"end":{"line":33,"column":43}},"loc":{"start":{"line":33,"column":60},"end":{"line":37,"column":5}},"line":33},"4":{"name":"useSchoolYear","decl":{"start":{"line":46,"column":16},"end":{"line":46,"column":56}},"loc":{"start":{"line":46,"column":56},"end":{"line":50,"column":null}},"line":46}},"branchMap":{"0":{"loc":{"start":{"line":26,"column":6},"end":{"line":28,"column":null}},"type":"if","locations":[{"start":{"line":26,"column":6},"end":{"line":28,"column":null}},{"start":{},"end":{}}],"line":26},"1":{"loc":{"start":{"line":36,"column":4},"end":{"line":36,"column":null}},"type":"if","locations":[{"start":{"line":36,"column":4},"end":{"line":36,"column":null}},{"start":{},"end":{}}],"line":36},"2":{"loc":{"start":{"line":48,"column":2},"end":{"line":48,"column":null}},"type":"if","locations":[{"start":{"line":48,"column":2},"end":{"line":48,"column":null}},{"start":{},"end":{}}],"line":48}},"s":{"0":1,"1":1,"2":1,"3":1,"4":1,"5":1,"6":1,"7":1,"8":1,"9":0,"10":0,"11":0,"12":0,"13":1,"14":0,"15":0,"16":0,"17":0},"f":{"0":1,"1":1,"2":1,"3":0,"4":0},"b":{"0":[1,0],"1":[0,0],"2":[0,0]},"meta":{"lastBranch":3,"lastFunction":5,"lastStatement":18,"seen":{"s:16:6:16:Infinity":0,"f:18:16:18:35":0,"s:19:39:19:Infinity":1,"s:20:34:20:Infinity":2,"s:23:2:30:Infinity":3,"f:23:12:23:18":1,"s:24:4:29:Infinity":4,"f:24:34:24:35":2,"s:25:6:25:Infinity":5,"b:26:6:28:Infinity:undefined:undefined:undefined:undefined":0,"s:26:6:28:Infinity":6,"s:27:8:27:Infinity":7,"s:33:8:37:Infinity":8,"f:33:36:33:43":3,"s:34:4:34:Infinity":9,"s:35:18:35:Infinity":10,"b:36:4:36:Infinity:undefined:undefined:undefined:undefined":1,"s:36:4:36:Infinity":11,"s:36:15:36:Infinity":12,"s:39:2:42:Infinity":13,"f:46:16:46:56":4,"s:47:8:47:Infinity":14,"b:48:2:48:Infinity:undefined:undefined:undefined:undefined":2,"s:48:2:48:Infinity":15,"s:48:12:48:Infinity":16,"s:49:2:49:Infinity":17},"fnNames":{}}}
,"D:\\Application\\Gesco-main\\src\\context\\ToastContext.tsx": {"path":"D:\\Application\\Gesco-main\\src\\context\\ToastContext.tsx","statementMap":{"0":{"start":{"line":10,"column":6},"end":{"line":10,"column":null}},"1":{"start":{"line":13,"column":40},"end":{"line":13,"column":null}},"2":{"start":{"line":15,"column":8},"end":{"line":21,"column":null}},"3":{"start":{"line":16,"column":15},"end":{"line":16,"column":null}},"4":{"start":{"line":17,"column":4},"end":{"line":17,"column":null}},"5":{"start":{"line":17,"column":31},"end":{"line":17,"column":63}},"6":{"start":{"line":18,"column":4},"end":{"line":20,"column":null}},"7":{"start":{"line":19,"column":6},"end":{"line":19,"column":null}},"8":{"start":{"line":19,"column":33},"end":{"line":19,"column":64}},"9":{"start":{"line":19,"column":52},"end":{"line":19,"column":63}},"10":{"start":{"line":23,"column":8},"end":{"line":25,"column":null}},"11":{"start":{"line":24,"column":4},"end":{"line":24,"column":null}},"12":{"start":{"line":24,"column":31},"end":{"line":24,"column":62}},"13":{"start":{"line":24,"column":50},"end":{"line":24,"column":61}},"14":{"start":{"line":27,"column":2},"end":{"line":30,"column":null}},"15":{"start":{"line":35,"column":8},"end":{"line":35,"column":null}},"16":{"start":{"line":36,"column":2},"end":{"line":36,"column":null}},"17":{"start":{"line":36,"column":12},"end":{"line":36,"column":null}},"18":{"start":{"line":37,"column":2},"end":{"line":37,"column":null}}},"fnMap":{"0":{"name":"ToastProvider","decl":{"start":{"line":12,"column":16},"end":{"line":12,"column":30}},"loc":{"start":{"line":12,"column":69},"end":{"line":32,"column":null}},"line":12},"1":{"name":"(anonymous_1)","decl":{"start":{"line":15,"column":38},"end":{"line":15,"column":39}},"loc":{"start":{"line":15,"column":83},"end":{"line":21,"column":5}},"line":15},"2":{"name":"(anonymous_2)","decl":{"start":{"line":17,"column":21},"end":{"line":17,"column":22}},"loc":{"start":{"line":17,"column":31},"end":{"line":17,"column":63}},"line":17},"3":{"name":"(anonymous_3)","decl":{"start":{"line":18,"column":15},"end":{"line":18,"column":21}},"loc":{"start":{"line":18,"column":21},"end":{"line":20,"column":7}},"line":18},"4":{"name":"(anonymous_4)","decl":{"start":{"line":19,"column":23},"end":{"line":19,"column":24}},"loc":{"start":{"line":19,"column":33},"end":{"line":19,"column":64}},"line":19},"5":{"name":"(anonymous_5)","decl":{"start":{"line":19,"column":45},"end":{"line":19,"column":46}},"loc":{"start":{"line":19,"column":52},"end":{"line":19,"column":63}},"line":19},"6":{"name":"(anonymous_6)","decl":{"start":{"line":23,"column":41},"end":{"line":23,"column":42}},"loc":{"start":{"line":23,"column":57},"end":{"line":25,"column":5}},"line":23},"7":{"name":"(anonymous_7)","decl":{"start":{"line":24,"column":21},"end":{"line":24,"column":22}},"loc":{"start":{"line":24,"column":31},"end":{"line":24,"column":62}},"line":24},"8":{"name":"(anonymous_8)","decl":{"start":{"line":24,"column":43},"end":{"line":24,"column":44}},"loc":{"start":{"line":24,"column":50},"end":{"line":24,"column":61}},"line":24},"9":{"name":"useToast","decl":{"start":{"line":34,"column":16},"end":{"line":34,"column":46}},"loc":{"start":{"line":34,"column":46},"end":{"line":38,"column":null}},"line":34}},"branchMap":{"0":{"loc":{"start":{"line":36,"column":2},"end":{"line":36,"column":null}},"type":"if","locations":[{"start":{"line":36,"column":2},"end":{"line":36,"column":null}},{"start":{},"end":{}}],"line":36}},"s":{"0":1,"1":1,"2":1,"3":0,"4":0,"5":0,"6":0,"7":0,"8":0,"9":0,"10":1,"11":0,"12":0,"13":0,"14":1,"15":0,"16":0,"17":0,"18":0},"f":{"0":1,"1":0,"2":0,"3":0,"4":0,"5":0,"6":0,"7":0,"8":0,"9":0},"b":{"0":[0,0]},"meta":{"lastBranch":1,"lastFunction":10,"lastStatement":19,"seen":{"s:10:6:10:Infinity":0,"f:12:16:12:30":0,"s:13:40:13:Infinity":1,"s:15:8:21:Infinity":2,"f:15:38:15:39":1,"s:16:15:16:Infinity":3,"s:17:4:17:Infinity":4,"f:17:21:17:22":2,"s:17:31:17:63":5,"s:18:4:20:Infinity":6,"f:18:15:18:21":3,"s:19:6:19:Infinity":7,"f:19:23:19:24":4,"s:19:33:19:64":8,"f:19:45:19:46":5,"s:19:52:19:63":9,"s:23:8:25:Infinity":10,"f:23:41:23:42":6,"s:24:4:24:Infinity":11,"f:24:21:24:22":7,"s:24:31:24:62":12,"f:24:43:24:44":8,"s:24:50:24:61":13,"s:27:2:30:Infinity":14,"f:34:16:34:46":9,"s:35:8:35:Infinity":15,"b:36:2:36:Infinity:undefined:undefined:undefined:undefined":0,"s:36:2:36:Infinity":16,"s:36:12:36:Infinity":17,"s:37:2:37:Infinity":18},"fnNames":{}}}
,"D:\\Application\\Gesco-main\\src\\hooks\\finance\\useFinancialTracking.ts": {"path":"D:\\Application\\Gesco-main\\src\\hooks\\finance\\useFinancialTracking.ts","statementMap":{"0":{"start":{"line":17,"column":36},"end":{"line":17,"column":null}},"1":{"start":{"line":18,"column":28},"end":{"line":18,"column":null}},"2":{"start":{"line":19,"column":24},"end":{"line":19,"column":null}},"3":{"start":{"line":22,"column":28},"end":{"line":28,"column":null}},"4":{"start":{"line":30,"column":8},"end":{"line":41,"column":null}},"5":{"start":{"line":31,"column":4},"end":{"line":31,"column":null}},"6":{"start":{"line":32,"column":4},"end":{"line":32,"column":null}},"7":{"start":{"line":33,"column":4},"end":{"line":40,"column":null}},"8":{"start":{"line":34,"column":19},"end":{"line":34,"column":null}},"9":{"start":{"line":35,"column":6},"end":{"line":35,"column":null}},"10":{"start":{"line":37,"column":6},"end":{"line":37,"column":null}},"11":{"start":{"line":39,"column":6},"end":{"line":39,"column":null}},"12":{"start":{"line":43,"column":2},"end":{"line":45,"column":null}},"13":{"start":{"line":44,"column":4},"end":{"line":44,"column":null}},"14":{"start":{"line":48,"column":8},"end":{"line":50,"column":null}},"15":{"start":{"line":49,"column":4},"end":{"line":49,"column":null}},"16":{"start":{"line":53,"column":8},"end":{"line":55,"column":null}},"17":{"start":{"line":54,"column":4},"end":{"line":54,"column":null}},"18":{"start":{"line":58,"column":8},"end":{"line":60,"column":null}},"19":{"start":{"line":59,"column":4},"end":{"line":59,"column":null}},"20":{"start":{"line":63,"column":8},"end":{"line":65,"column":null}},"21":{"start":{"line":64,"column":4},"end":{"line":64,"column":null}},"22":{"start":{"line":64,"column":26},"end":{"line":64,"column":52}},"23":{"start":{"line":67,"column":8},"end":{"line":75,"column":null}},"24":{"start":{"line":68,"column":4},"end":{"line":74,"column":null}},"25":{"start":{"line":78,"column":8},"end":{"line":80,"column":null}},"26":{"start":{"line":79,"column":4},"end":{"line":79,"column":null}},"27":{"start":{"line":83,"column":8},"end":{"line":87,"column":null}},"28":{"start":{"line":84,"column":21},"end":{"line":84,"column":null}},"29":{"start":{"line":85,"column":17},"end":{"line":85,"column":null}},"30":{"start":{"line":86,"column":4},"end":{"line":86,"column":null}},"31":{"start":{"line":90,"column":8},"end":{"line":94,"column":null}},"32":{"start":{"line":91,"column":21},"end":{"line":91,"column":null}},"33":{"start":{"line":92,"column":17},"end":{"line":92,"column":null}},"34":{"start":{"line":93,"column":4},"end":{"line":93,"column":null}},"35":{"start":{"line":96,"column":2},"end":{"line":110,"column":null}}},"fnMap":{"0":{"name":"useFinancialTracking","decl":{"start":{"line":16,"column":16},"end":{"line":16,"column":37}},"loc":{"start":{"line":16,"column":73},"end":{"line":111,"column":null}},"line":16},"1":{"name":"(anonymous_1)","decl":{"start":{"line":30,"column":39},"end":{"line":30,"column":51}},"loc":{"start":{"line":30,"column":51},"end":{"line":41,"column":5}},"line":30},"2":{"name":"(anonymous_2)","decl":{"start":{"line":43,"column":12},"end":{"line":43,"column":18}},"loc":{"start":{"line":43,"column":18},"end":{"line":45,"column":5}},"line":43},"3":{"name":"(anonymous_3)","decl":{"start":{"line":48,"column":38},"end":{"line":48,"column":44}},"loc":{"start":{"line":48,"column":44},"end":{"line":50,"column":5}},"line":48},"4":{"name":"(anonymous_4)","decl":{"start":{"line":53,"column":38},"end":{"line":53,"column":44}},"loc":{"start":{"line":53,"column":44},"end":{"line":55,"column":5}},"line":53},"5":{"name":"(anonymous_5)","decl":{"start":{"line":58,"column":47},"end":{"line":58,"column":53}},"loc":{"start":{"line":58,"column":53},"end":{"line":60,"column":5}},"line":58},"6":{"name":"(anonymous_6)","decl":{"start":{"line":63,"column":35},"end":{"line":63,"column":36}},"loc":{"start":{"line":63,"column":87},"end":{"line":65,"column":5}},"line":63},"7":{"name":"(anonymous_7)","decl":{"start":{"line":64,"column":15},"end":{"line":64,"column":16}},"loc":{"start":{"line":64,"column":26},"end":{"line":64,"column":52}},"line":64},"8":{"name":"(anonymous_8)","decl":{"start":{"line":67,"column":35},"end":{"line":67,"column":41}},"loc":{"start":{"line":67,"column":41},"end":{"line":75,"column":5}},"line":67},"9":{"name":"(anonymous_9)","decl":{"start":{"line":78,"column":34},"end":{"line":78,"column":40}},"loc":{"start":{"line":78,"column":40},"end":{"line":80,"column":5}},"line":78},"10":{"name":"(anonymous_10)","decl":{"start":{"line":83,"column":37},"end":{"line":83,"column":44}},"loc":{"start":{"line":83,"column":87},"end":{"line":87,"column":5}},"line":83},"11":{"name":"(anonymous_11)","decl":{"start":{"line":90,"column":43},"end":{"line":90,"column":50}},"loc":{"start":{"line":90,"column":93},"end":{"line":94,"column":5}},"line":90}},"branchMap":{"0":{"loc":{"start":{"line":16,"column":37},"end":{"line":16,"column":73}},"type":"default-arg","locations":[{"start":{"line":16,"column":62},"end":{"line":16,"column":73}}],"line":16},"1":{"loc":{"start":{"line":37,"column":15},"end":{"line":37,"column":77}},"type":"binary-expr","locations":[{"start":{"line":37,"column":15},"end":{"line":37,"column":30}},{"start":{"line":37,"column":30},"end":{"line":37,"column":77}}],"line":37}},"s":{"0":5,"1":5,"2":5,"3":5,"4":5,"5":2,"6":2,"7":2,"8":2,"9":2,"10":0,"11":2,"12":5,"13":2,"14":5,"15":5,"16":5,"17":5,"18":5,"19":4,"20":5,"21":1,"22":1,"23":5,"24":0,"25":5,"26":0,"27":5,"28":0,"29":0,"30":0,"31":5,"32":0,"33":0,"34":0,"35":5},"f":{"0":5,"1":2,"2":2,"3":5,"4":5,"5":4,"6":1,"7":1,"8":0,"9":0,"10":0,"11":0},"b":{"0":[5],"1":[0,0]},"meta":{"lastBranch":2,"lastFunction":12,"lastStatement":36,"seen":{"f:16:16:16:37":0,"b:16:62:16:73":0,"s:17:36:17:Infinity":0,"s:18:28:18:Infinity":1,"s:19:24:19:Infinity":2,"s:22:28:28:Infinity":3,"s:30:8:41:Infinity":4,"f:30:39:30:51":1,"s:31:4:31:Infinity":5,"s:32:4:32:Infinity":6,"s:33:4:40:Infinity":7,"s:34:19:34:Infinity":8,"s:35:6:35:Infinity":9,"s:37:6:37:Infinity":10,"b:37:15:37:30:37:30:37:77":1,"s:39:6:39:Infinity":11,"s:43:2:45:Infinity":12,"f:43:12:43:18":2,"s:44:4:44:Infinity":13,"s:48:8:50:Infinity":14,"f:48:38:48:44":3,"s:49:4:49:Infinity":15,"s:53:8:55:Infinity":16,"f:53:38:53:44":4,"s:54:4:54:Infinity":17,"s:58:8:60:Infinity":18,"f:58:47:58:53":5,"s:59:4:59:Infinity":19,"s:63:8:65:Infinity":20,"f:63:35:63:36":6,"s:64:4:64:Infinity":21,"f:64:15:64:16":7,"s:64:26:64:52":22,"s:67:8:75:Infinity":23,"f:67:35:67:41":8,"s:68:4:74:Infinity":24,"s:78:8:80:Infinity":25,"f:78:34:78:40":9,"s:79:4:79:Infinity":26,"s:83:8:87:Infinity":27,"f:83:37:83:44":10,"s:84:21:84:Infinity":28,"s:85:17:85:Infinity":29,"s:86:4:86:Infinity":30,"s:90:8:94:Infinity":31,"f:90:43:90:50":11,"s:91:21:91:Infinity":32,"s:92:17:92:Infinity":33,"s:93:4:93:Infinity":34,"s:96:2:110:Infinity":35},"fnNames":{}}}
,"D:\\Application\\Gesco-main\\src\\hooks\\finance\\useTuitionPayment.ts": {"path":"D:\\Application\\Gesco-main\\src\\hooks\\finance\\useTuitionPayment.ts","statementMap":{"0":{"start":{"line":16,"column":36},"end":{"line":16,"column":null}},"1":{"start":{"line":17,"column":54},"end":{"line":17,"column":null}},"2":{"start":{"line":18,"column":44},"end":{"line":18,"column":null}},"3":{"start":{"line":19,"column":40},"end":{"line":19,"column":null}},"4":{"start":{"line":20,"column":28},"end":{"line":20,"column":null}},"5":{"start":{"line":21,"column":24},"end":{"line":21,"column":null}},"6":{"start":{"line":22,"column":32},"end":{"line":22,"column":null}},"7":{"start":{"line":24,"column":8},"end":{"line":38,"column":null}},"8":{"start":{"line":25,"column":4},"end":{"line":25,"column":null}},"9":{"start":{"line":26,"column":4},"end":{"line":26,"column":null}},"10":{"start":{"line":27,"column":4},"end":{"line":37,"column":null}},"11":{"start":{"line":28,"column":19},"end":{"line":28,"column":null}},"12":{"start":{"line":29,"column":6},"end":{"line":29,"column":null}},"13":{"start":{"line":30,"column":6},"end":{"line":32,"column":null}},"14":{"start":{"line":31,"column":8},"end":{"line":31,"column":null}},"15":{"start":{"line":34,"column":6},"end":{"line":34,"column":null}},"16":{"start":{"line":36,"column":6},"end":{"line":36,"column":null}},"17":{"start":{"line":40,"column":2},"end":{"line":42,"column":null}},"18":{"start":{"line":41,"column":4},"end":{"line":41,"column":null}},"19":{"start":{"line":45,"column":8},"end":{"line":47,"column":null}},"20":{"start":{"line":46,"column":4},"end":{"line":46,"column":null}},"21":{"start":{"line":50,"column":8},"end":{"line":58,"column":null}},"22":{"start":{"line":51,"column":4},"end":{"line":51,"column":null}},"23":{"start":{"line":51,"column":31},"end":{"line":51,"column":null}},"24":{"start":{"line":52,"column":4},"end":{"line":57,"column":null}},"25":{"start":{"line":53,"column":22},"end":{"line":53,"column":null}},"26":{"start":{"line":54,"column":6},"end":{"line":54,"column":null}},"27":{"start":{"line":60,"column":2},"end":{"line":62,"column":null}},"28":{"start":{"line":61,"column":4},"end":{"line":61,"column":null}},"29":{"start":{"line":65,"column":8},"end":{"line":85,"column":null}},"30":{"start":{"line":67,"column":6},"end":{"line":67,"column":null}},"31":{"start":{"line":68,"column":6},"end":{"line":68,"column":null}},"32":{"start":{"line":69,"column":6},"end":{"line":82,"column":null}},"33":{"start":{"line":70,"column":20},"end":{"line":70,"column":null}},"34":{"start":{"line":71,"column":8},"end":{"line":79,"column":null}},"35":{"start":{"line":72,"column":10},"end":{"line":72,"column":null}},"36":{"start":{"line":73,"column":10},"end":{"line":73,"column":null}},"37":{"start":{"line":74,"column":10},"end":{"line":74,"column":null}},"38":{"start":{"line":75,"column":10},"end":{"line":75,"column":null}},"39":{"start":{"line":77,"column":10},"end":{"line":77,"column":null}},"40":{"start":{"line":78,"column":10},"end":{"line":78,"column":null}},"41":{"start":{"line":81,"column":8},"end":{"line":81,"column":null}},"42":{"start":{"line":88,"column":8},"end":{"line":107,"column":null}},"43":{"start":{"line":90,"column":6},"end":{"line":90,"column":null}},"44":{"start":{"line":91,"column":6},"end":{"line":91,"column":null}},"45":{"start":{"line":92,"column":6},"end":{"line":104,"column":null}},"46":{"start":{"line":93,"column":20},"end":{"line":93,"column":null}},"47":{"start":{"line":94,"column":8},"end":{"line":101,"column":null}},"48":{"start":{"line":95,"column":10},"end":{"line":95,"column":null}},"49":{"start":{"line":96,"column":10},"end":{"line":96,"column":null}},"50":{"start":{"line":97,"column":10},"end":{"line":97,"column":null}},"51":{"start":{"line":99,"column":10},"end":{"line":99,"column":null}},"52":{"start":{"line":100,"column":10},"end":{"line":100,"column":null}},"53":{"start":{"line":103,"column":8},"end":{"line":103,"column":null}},"54":{"start":{"line":110,"column":8},"end":{"line":112,"column":null}},"55":{"start":{"line":111,"column":4},"end":{"line":111,"column":null}},"56":{"start":{"line":115,"column":8},"end":{"line":117,"column":null}},"57":{"start":{"line":116,"column":4},"end":{"line":116,"column":null}},"58":{"start":{"line":119,"column":2},"end":{"line":134,"column":null}}},"fnMap":{"0":{"name":"useTuitionPayment","decl":{"start":{"line":15,"column":16},"end":{"line":15,"column":34}},"loc":{"start":{"line":15,"column":70},"end":{"line":135,"column":null}},"line":15},"1":{"name":"(anonymous_1)","decl":{"start":{"line":24,"column":39},"end":{"line":24,"column":51}},"loc":{"start":{"line":24,"column":51},"end":{"line":38,"column":5}},"line":24},"2":{"name":"(anonymous_2)","decl":{"start":{"line":40,"column":12},"end":{"line":40,"column":18}},"loc":{"start":{"line":40,"column":18},"end":{"line":42,"column":5}},"line":40},"3":{"name":"(anonymous_3)","decl":{"start":{"line":45,"column":37},"end":{"line":45,"column":43}},"loc":{"start":{"line":45,"column":43},"end":{"line":47,"column":5}},"line":45},"4":{"name":"(anonymous_4)","decl":{"start":{"line":50,"column":43},"end":{"line":50,"column":55}},"loc":{"start":{"line":50,"column":55},"end":{"line":58,"column":5}},"line":50},"5":{"name":"(anonymous_5)","decl":{"start":{"line":60,"column":12},"end":{"line":60,"column":18}},"loc":{"start":{"line":60,"column":18},"end":{"line":62,"column":5}},"line":60},"6":{"name":"(anonymous_6)","decl":{"start":{"line":66,"column":4},"end":{"line":66,"column":11}},"loc":{"start":{"line":66,"column":41},"end":{"line":83,"column":null}},"line":66},"7":{"name":"(anonymous_7)","decl":{"start":{"line":89,"column":4},"end":{"line":89,"column":11}},"loc":{"start":{"line":89,"column":84},"end":{"line":105,"column":null}},"line":89},"8":{"name":"(anonymous_8)","decl":{"start":{"line":110,"column":35},"end":{"line":110,"column":36}},"loc":{"start":{"line":110,"column":60},"end":{"line":112,"column":5}},"line":110},"9":{"name":"(anonymous_9)","decl":{"start":{"line":115,"column":41},"end":{"line":115,"column":48}},"loc":{"start":{"line":115,"column":91},"end":{"line":117,"column":5}},"line":115}},"branchMap":{"0":{"loc":{"start":{"line":15,"column":34},"end":{"line":15,"column":70}},"type":"default-arg","locations":[{"start":{"line":15,"column":59},"end":{"line":15,"column":70}}],"line":15},"1":{"loc":{"start":{"line":30,"column":6},"end":{"line":32,"column":null}},"type":"if","locations":[{"start":{"line":30,"column":6},"end":{"line":32,"column":null}},{"start":{},"end":{}}],"line":30},"2":{"loc":{"start":{"line":30,"column":10},"end":{"line":30,"column":52}},"type":"binary-expr","locations":[{"start":{"line":30,"column":10},"end":{"line":30,"column":29}},{"start":{"line":30,"column":29},"end":{"line":30,"column":52}}],"line":30},"3":{"loc":{"start":{"line":34,"column":15},"end":{"line":34,"column":82}},"type":"binary-expr","locations":[{"start":{"line":34,"column":15},"end":{"line":34,"column":30}},{"start":{"line":34,"column":30},"end":{"line":34,"column":82}}],"line":34},"4":{"loc":{"start":{"line":46,"column":11},"end":{"line":46,"column":null}},"type":"binary-expr","locations":[{"start":{"line":46,"column":11},"end":{"line":46,"column":69}},{"start":{"line":46,"column":69},"end":{"line":46,"column":87}},{"start":{"line":46,"column":87},"end":{"line":46,"column":null}}],"line":46},"5":{"loc":{"start":{"line":51,"column":4},"end":{"line":51,"column":null}},"type":"if","locations":[{"start":{"line":51,"column":4},"end":{"line":51,"column":null}},{"start":{},"end":{}}],"line":51},"6":{"loc":{"start":{"line":71,"column":8},"end":{"line":79,"column":null}},"type":"if","locations":[{"start":{"line":71,"column":8},"end":{"line":79,"column":null}},{"start":{"line":76,"column":15},"end":{"line":79,"column":null}}],"line":71},"7":{"loc":{"start":{"line":71,"column":12},"end":{"line":71,"column":37}},"type":"binary-expr","locations":[{"start":{"line":71,"column":12},"end":{"line":71,"column":27}},{"start":{"line":71,"column":27},"end":{"line":71,"column":37}}],"line":71},"8":{"loc":{"start":{"line":77,"column":19},"end":{"line":77,"column":79}},"type":"binary-expr","locations":[{"start":{"line":77,"column":19},"end":{"line":77,"column":32}},{"start":{"line":77,"column":32},"end":{"line":77,"column":79}}],"line":77},"9":{"loc":{"start":{"line":89,"column":46},"end":{"line":89,"column":84}},"type":"default-arg","locations":[{"start":{"line":89,"column":68},"end":{"line":89,"column":84}}],"line":89},"10":{"loc":{"start":{"line":94,"column":8},"end":{"line":101,"column":null}},"type":"if","locations":[{"start":{"line":94,"column":8},"end":{"line":101,"column":null}},{"start":{"line":98,"column":15},"end":{"line":101,"column":null}}],"line":94},"11":{"loc":{"start":{"line":99,"column":19},"end":{"line":99,"column":75}},"type":"binary-expr","locations":[{"start":{"line":99,"column":19},"end":{"line":99,"column":32}},{"start":{"line":99,"column":32},"end":{"line":99,"column":75}}],"line":99}},"s":{"0":2,"1":2,"2":2,"3":2,"4":2,"5":2,"6":2,"7":2,"8":2,"9":2,"10":2,"11":2,"12":2,"13":2,"14":1,"15":0,"16":2,"17":2,"18":2,"19":2,"20":2,"21":2,"22":2,"23":1,"24":1,"25":1,"26":1,"27":2,"28":2,"29":2,"30":0,"31":0,"32":0,"33":0,"34":0,"35":0,"36":0,"37":0,"38":0,"39":0,"40":0,"41":0,"42":2,"43":0,"44":0,"45":0,"46":0,"47":0,"48":0,"49":0,"50":0,"51":0,"52":0,"53":0,"54":2,"55":0,"56":2,"57":0,"58":2},"f":{"0":2,"1":2,"2":2,"3":2,"4":2,"5":2,"6":0,"7":0,"8":0,"9":0},"b":{"0":[2],"1":[1,1],"2":[2,2],"3":[0,0],"4":[2,1,1],"5":[1,1],"6":[0,0],"7":[0,0],"8":[0,0],"9":[0],"10":[0,0],"11":[0,0]},"meta":{"lastBranch":12,"lastFunction":10,"lastStatement":59,"seen":{"f:15:16:15:34":0,"b:15:59:15:70":0,"s:16:36:16:Infinity":0,"s:17:54:17:Infinity":1,"s:18:44:18:Infinity":2,"s:19:40:19:Infinity":3,"s:20:28:20:Infinity":4,"s:21:24:21:Infinity":5,"s:22:32:22:Infinity":6,"s:24:8:38:Infinity":7,"f:24:39:24:51":1,"s:25:4:25:Infinity":8,"s:26:4:26:Infinity":9,"s:27:4:37:Infinity":10,"s:28:19:28:Infinity":11,"s:29:6:29:Infinity":12,"b:30:6:32:Infinity:undefined:undefined:undefined:undefined":1,"s:30:6:32:Infinity":13,"b:30:10:30:29:30:29:30:52":2,"s:31:8:31:Infinity":14,"s:34:6:34:Infinity":15,"b:34:15:34:30:34:30:34:82":3,"s:36:6:36:Infinity":16,"s:40:2:42:Infinity":17,"f:40:12:40:18":2,"s:41:4:41:Infinity":18,"s:45:8:47:Infinity":19,"f:45:37:45:43":3,"s:46:4:46:Infinity":20,"b:46:11:46:69:46:69:46:87:46:87:46:Infinity":4,"s:50:8:58:Infinity":21,"f:50:43:50:55":4,"b:51:4:51:Infinity:undefined:undefined:undefined:undefined":5,"s:51:4:51:Infinity":22,"s:51:31:51:Infinity":23,"s:52:4:57:Infinity":24,"s:53:22:53:Infinity":25,"s:54:6:54:Infinity":26,"s:60:2:62:Infinity":27,"f:60:12:60:18":5,"s:61:4:61:Infinity":28,"s:65:8:85:Infinity":29,"f:66:4:66:11":6,"s:67:6:67:Infinity":30,"s:68:6:68:Infinity":31,"s:69:6:82:Infinity":32,"s:70:20:70:Infinity":33,"b:71:8:79:Infinity:76:15:79:Infinity":6,"s:71:8:79:Infinity":34,"b:71:12:71:27:71:27:71:37":7,"s:72:10:72:Infinity":35,"s:73:10:73:Infinity":36,"s:74:10:74:Infinity":37,"s:75:10:75:Infinity":38,"s:77:10:77:Infinity":39,"b:77:19:77:32:77:32:77:79":8,"s:78:10:78:Infinity":40,"s:81:8:81:Infinity":41,"s:88:8:107:Infinity":42,"f:89:4:89:11":7,"b:89:68:89:84":9,"s:90:6:90:Infinity":43,"s:91:6:91:Infinity":44,"s:92:6:104:Infinity":45,"s:93:20:93:Infinity":46,"b:94:8:101:Infinity:98:15:101:Infinity":10,"s:94:8:101:Infinity":47,"s:95:10:95:Infinity":48,"s:96:10:96:Infinity":49,"s:97:10:97:Infinity":50,"s:99:10:99:Infinity":51,"b:99:19:99:32:99:32:99:75":11,"s:100:10:100:Infinity":52,"s:103:8:103:Infinity":53,"s:110:8:112:Infinity":54,"f:110:35:110:36":8,"s:111:4:111:Infinity":55,"s:115:8:117:Infinity":56,"f:115:41:115:48":9,"s:116:4:116:Infinity":57,"s:119:2:134:Infinity":58},"fnNames":{}}}
,"D:\\Application\\Gesco-main\\src\\services\\common\\schoolYearService.ts": {"path":"D:\\Application\\Gesco-main\\src\\services\\common\\schoolYearService.ts","statementMap":{"0":{"start":{"line":14,"column":19},"end":{"line":17,"column":null}},"1":{"start":{"line":19,"column":2},"end":{"line":24,"column":null}},"2":{"start":{"line":20,"column":4},"end":{"line":23,"column":null}},"3":{"start":{"line":26,"column":2},"end":{"line":26,"column":null}},"4":{"start":{"line":33,"column":2},"end":{"line":46,"column":null}},"5":{"start":{"line":34,"column":4},"end":{"line":37,"column":null}},"6":{"start":{"line":38,"column":4},"end":{"line":38,"column":null}},"7":{"start":{"line":40,"column":21},"end":{"line":44,"column":null}},"8":{"start":{"line":45,"column":4},"end":{"line":45,"column":null}}},"fnMap":{"0":{"name":"fetchSchoolYearSetting","decl":{"start":{"line":13,"column":22},"end":{"line":13,"column":76}},"loc":{"start":{"line":13,"column":76},"end":{"line":27,"column":null}},"line":13},"1":{"name":"persistSchoolYearSetting","decl":{"start":{"line":29,"column":22},"end":{"line":29,"column":null}},"loc":{"start":{"line":32,"column":26},"end":{"line":47,"column":null}},"line":32}},"branchMap":{"0":{"loc":{"start":{"line":19,"column":2},"end":{"line":24,"column":null}},"type":"if","locations":[{"start":{"line":19,"column":2},"end":{"line":24,"column":null}},{"start":{},"end":{}}],"line":19},"1":{"loc":{"start":{"line":19,"column":6},"end":{"line":19,"column":31}},"type":"binary-expr","locations":[{"start":{"line":19,"column":6},"end":{"line":19,"column":14}},{"start":{"line":19,"column":14},"end":{"line":19,"column":31}}],"line":19},"2":{"loc":{"start":{"line":22,"column":25},"end":{"line":22,"column":null}},"type":"binary-expr","locations":[{"start":{"line":22,"column":25},"end":{"line":22,"column":56}},{"start":{"line":22,"column":56},"end":{"line":22,"column":null}}],"line":22},"3":{"loc":{"start":{"line":33,"column":2},"end":{"line":46,"column":null}},"type":"if","locations":[{"start":{"line":33,"column":2},"end":{"line":46,"column":null}},{"start":{"line":39,"column":9},"end":{"line":46,"column":null}}],"line":33},"4":{"loc":{"start":{"line":45,"column":11},"end":{"line":45,"column":null}},"type":"binary-expr","locations":[{"start":{"line":45,"column":11},"end":{"line":45,"column":23}},{"start":{"line":45,"column":23},"end":{"line":45,"column":null}}],"line":45}},"s":{"0":1,"1":1,"2":0,"3":1,"4":0,"5":0,"6":0,"7":0,"8":0},"f":{"0":1,"1":0},"b":{"0":[0,1],"1":[1,0],"2":[0,0],"3":[0,0],"4":[0,0]},"meta":{"lastBranch":5,"lastFunction":2,"lastStatement":9,"seen":{"f:13:22:13:76":0,"s:14:19:17:Infinity":0,"b:19:2:24:Infinity:undefined:undefined:undefined:undefined":0,"s:19:2:24:Infinity":1,"b:19:6:19:14:19:14:19:31":1,"s:20:4:23:Infinity":2,"b:22:25:22:56:22:56:22:Infinity":2,"s:26:2:26:Infinity":3,"f:29:22:29:Infinity":1,"b:33:2:46:Infinity:39:9:46:Infinity":3,"s:33:2:46:Infinity":4,"s:34:4:37:Infinity":5,"s:38:4:38:Infinity":6,"s:40:21:44:Infinity":7,"s:45:4:45:Infinity":8,"b:45:11:45:23:45:23:45:Infinity":4},"fnNames":{}}}
,"D:\\Application\\Gesco-main\\src\\services\\documents\\pdfRenderer.ts": {"path":"D:\\Application\\Gesco-main\\src\\services\\documents\\pdfRenderer.ts","statementMap":{"0":{"start":{"line":6,"column":27},"end":{"line":87,"column":null}},"1":{"start":{"line":11,"column":24},"end":{"line":11,"column":null}},"2":{"start":{"line":15,"column":4},"end":{"line":19,"column":null}},"3":{"start":{"line":16,"column":6},"end":{"line":16,"column":null}},"4":{"start":{"line":18,"column":6},"end":{"line":18,"column":null}},"5":{"start":{"line":21,"column":20},"end":{"line":21,"column":null}},"6":{"start":{"line":22,"column":21},"end":{"line":22,"column":null}},"7":{"start":{"line":24,"column":4},"end":{"line":28,"column":null}},"8":{"start":{"line":35,"column":4},"end":{"line":35,"column":null}},"9":{"start":{"line":35,"column":39},"end":{"line":35,"column":null}},"10":{"start":{"line":37,"column":24},"end":{"line":37,"column":null}},"11":{"start":{"line":38,"column":4},"end":{"line":49,"column":null}},"12":{"start":{"line":39,"column":6},"end":{"line":39,"column":null}},"13":{"start":{"line":40,"column":6},"end":{"line":40,"column":null}},"14":{"start":{"line":41,"column":6},"end":{"line":41,"column":null}},"15":{"start":{"line":42,"column":6},"end":{"line":48,"column":null}},"16":{"start":{"line":43,"column":8},"end":{"line":47,"column":null}},"17":{"start":{"line":44,"column":10},"end":{"line":44,"column":null}},"18":{"start":{"line":56,"column":4},"end":{"line":56,"column":null}},"19":{"start":{"line":56,"column":74},"end":{"line":56,"column":null}},"20":{"start":{"line":58,"column":17},"end":{"line":58,"column":null}},"21":{"start":{"line":59,"column":17},"end":{"line":59,"column":null}},"22":{"start":{"line":60,"column":16},"end":{"line":60,"column":null}},"23":{"start":{"line":62,"column":14},"end":{"line":62,"column":null}},"24":{"start":{"line":63,"column":4},"end":{"line":63,"column":null}},"25":{"start":{"line":64,"column":4},"end":{"line":64,"column":null}},"26":{"start":{"line":65,"column":4},"end":{"line":65,"column":null}},"27":{"start":{"line":66,"column":4},"end":{"line":66,"column":null}},"28":{"start":{"line":67,"column":4},"end":{"line":67,"column":null}},"29":{"start":{"line":68,"column":4},"end":{"line":68,"column":null}},"30":{"start":{"line":72,"column":4},"end":{"line":72,"column":null}},"31":{"start":{"line":76,"column":4},"end":{"line":76,"column":null}},"32":{"start":{"line":76,"column":74},"end":{"line":76,"column":null}},"33":{"start":{"line":77,"column":17},"end":{"line":77,"column":null}},"34":{"start":{"line":78,"column":16},"end":{"line":78,"column":null}},"35":{"start":{"line":79,"column":14},"end":{"line":79,"column":null}},"36":{"start":{"line":80,"column":4},"end":{"line":80,"column":null}},"37":{"start":{"line":81,"column":4},"end":{"line":81,"column":null}},"38":{"start":{"line":82,"column":4},"end":{"line":82,"column":null}},"39":{"start":{"line":83,"column":4},"end":{"line":83,"column":null}},"40":{"start":{"line":84,"column":4},"end":{"line":84,"column":null}},"41":{"start":{"line":85,"column":4},"end":{"line":85,"column":null}}},"fnMap":{"0":{"name":"renderToPDF","decl":{"start":{"line":10,"column":8},"end":{"line":10,"column":20}},"loc":{"start":{"line":10,"column":77},"end":{"line":29,"column":null}},"line":10},"1":{"name":"printHtml","decl":{"start":{"line":34,"column":2},"end":{"line":34,"column":12}},"loc":{"start":{"line":34,"column":39},"end":{"line":50,"column":null}},"line":34},"2":{"name":"(anonymous_2)","decl":{"start":{"line":42,"column":17},"end":{"line":42,"column":23}},"loc":{"start":{"line":42,"column":23},"end":{"line":48,"column":9}},"line":42},"3":{"name":"downloadDocument","decl":{"start":{"line":55,"column":2},"end":{"line":55,"column":19}},"loc":{"start":{"line":55,"column":75},"end":{"line":69,"column":null}},"line":55},"4":{"name":"printDocument","decl":{"start":{"line":71,"column":2},"end":{"line":71,"column":16}},"loc":{"start":{"line":71,"column":43},"end":{"line":73,"column":null}},"line":71},"5":{"name":"downloadPdf","decl":{"start":{"line":75,"column":2},"end":{"line":75,"column":14}},"loc":{"start":{"line":75,"column":76},"end":{"line":86,"column":null}},"line":75}},"branchMap":{"0":{"loc":{"start":{"line":35,"column":4},"end":{"line":35,"column":null}},"type":"if","locations":[{"start":{"line":35,"column":4},"end":{"line":35,"column":null}},{"start":{},"end":{}}],"line":35},"1":{"loc":{"start":{"line":38,"column":4},"end":{"line":49,"column":null}},"type":"if","locations":[{"start":{"line":38,"column":4},"end":{"line":49,"column":null}},{"start":{},"end":{}}],"line":38},"2":{"loc":{"start":{"line":56,"column":4},"end":{"line":56,"column":null}},"type":"if","locations":[{"start":{"line":56,"column":4},"end":{"line":56,"column":null}},{"start":{},"end":{}}],"line":56},"3":{"loc":{"start":{"line":56,"column":8},"end":{"line":56,"column":74}},"type":"binary-expr","locations":[{"start":{"line":56,"column":8},"end":{"line":56,"column":41}},{"start":{"line":56,"column":41},"end":{"line":56,"column":74}}],"line":56},"4":{"loc":{"start":{"line":58,"column":17},"end":{"line":58,"column":null}},"type":"binary-expr","locations":[{"start":{"line":58,"column":17},"end":{"line":58,"column":29}},{"start":{"line":58,"column":29},"end":{"line":58,"column":null}}],"line":58},"5":{"loc":{"start":{"line":75,"column":35},"end":{"line":75,"column":76}},"type":"default-arg","locations":[{"start":{"line":75,"column":54},"end":{"line":75,"column":76}}],"line":75},"6":{"loc":{"start":{"line":76,"column":4},"end":{"line":76,"column":null}},"type":"if","locations":[{"start":{"line":76,"column":4},"end":{"line":76,"column":null}},{"start":{},"end":{}}],"line":76},"7":{"loc":{"start":{"line":76,"column":8},"end":{"line":76,"column":74}},"type":"binary-expr","locations":[{"start":{"line":76,"column":8},"end":{"line":76,"column":41}},{"start":{"line":76,"column":41},"end":{"line":76,"column":74}}],"line":76}},"s":{"0":1,"1":0,"2":0,"3":0,"4":0,"5":0,"6":0,"7":0,"8":0,"9":0,"10":0,"11":0,"12":0,"13":0,"14":0,"15":0,"16":0,"17":0,"18":0,"19":0,"20":0,"21":0,"22":0,"23":0,"24":0,"25":0,"26":0,"27":0,"28":0,"29":0,"30":0,"31":0,"32":0,"33":0,"34":0,"35":0,"36":0,"37":0,"38":0,"39":0,"40":0,"41":0},"f":{"0":0,"1":0,"2":0,"3":0,"4":0,"5":0},"b":{"0":[0,0],"1":[0,0],"2":[0,0],"3":[0,0],"4":[0,0],"5":[0],"6":[0,0],"7":[0,0]},"meta":{"lastBranch":8,"lastFunction":6,"lastStatement":42,"seen":{"s:6:27:87:Infinity":0,"f:10:8:10:20":0,"s:11:24:11:Infinity":1,"s:15:4:19:Infinity":2,"s:16:6:16:Infinity":3,"s:18:6:18:Infinity":4,"s:21:20:21:Infinity":5,"s:22:21:22:Infinity":6,"s:24:4:28:Infinity":7,"f:34:2:34:12":1,"b:35:4:35:Infinity:undefined:undefined:undefined:undefined":0,"s:35:4:35:Infinity":8,"s:35:39:35:Infinity":9,"s:37:24:37:Infinity":10,"b:38:4:49:Infinity:undefined:undefined:undefined:undefined":1,"s:38:4:49:Infinity":11,"s:39:6:39:Infinity":12,"s:40:6:40:Infinity":13,"s:41:6:41:Infinity":14,"s:42:6:48:Infinity":15,"f:42:17:42:23":2,"s:43:8:47:Infinity":16,"s:44:10:44:Infinity":17,"f:55:2:55:19":3,"b:56:4:56:Infinity:undefined:undefined:undefined:undefined":2,"s:56:4:56:Infinity":18,"b:56:8:56:41:56:41:56:74":3,"s:56:74:56:Infinity":19,"s:58:17:58:Infinity":20,"b:58:17:58:29:58:29:58:Infinity":4,"s:59:17:59:Infinity":21,"s:60:16:60:Infinity":22,"s:62:14:62:Infinity":23,"s:63:4:63:Infinity":24,"s:64:4:64:Infinity":25,"s:65:4:65:Infinity":26,"s:66:4:66:Infinity":27,"s:67:4:67:Infinity":28,"s:68:4:68:Infinity":29,"f:71:2:71:16":4,"s:72:4:72:Infinity":30,"f:75:2:75:14":5,"b:75:54:75:76":5,"b:76:4:76:Infinity:undefined:undefined:undefined:undefined":6,"s:76:4:76:Infinity":31,"b:76:8:76:41:76:41:76:74":7,"s:76:74:76:Infinity":32,"s:77:17:77:Infinity":33,"s:78:16:78:Infinity":34,"s:79:14:79:Infinity":35,"s:80:4:80:Infinity":36,"s:81:4:81:Infinity":37,"s:82:4:82:Infinity":38,"s:83:4:83:Infinity":39,"s:84:4:84:Infinity":40,"s:85:4:85:Infinity":41},"fnNames":{}}}
,"D:\\Application\\Gesco-main\\src\\services\\documents\\qrCodeService.ts": {"path":"D:\\Application\\Gesco-main\\src\\services\\documents\\qrCodeService.ts","statementMap":{"0":{"start":{"line":6,"column":29},"end":{"line":136,"column":null}},"1":{"start":{"line":11,"column":20},"end":{"line":11,"column":null}},"2":{"start":{"line":12,"column":15},"end":{"line":12,"column":null}},"3":{"start":{"line":13,"column":4},"end":{"line":17,"column":null}},"4":{"start":{"line":13,"column":17},"end":{"line":13,"column":20}},"5":{"start":{"line":14,"column":19},"end":{"line":14,"column":null}},"6":{"start":{"line":15,"column":6},"end":{"line":15,"column":null}},"7":{"start":{"line":16,"column":6},"end":{"line":16,"column":null}},"8":{"start":{"line":18,"column":16},"end":{"line":18,"column":null}},"9":{"start":{"line":19,"column":22},"end":{"line":19,"column":null}},"10":{"start":{"line":20,"column":4},"end":{"line":20,"column":null}},"11":{"start":{"line":33,"column":4},"end":{"line":40,"column":null}},"12":{"start":{"line":47,"column":19},"end":{"line":53,"column":null}},"13":{"start":{"line":55,"column":4},"end":{"line":59,"column":null}},"14":{"start":{"line":56,"column":6},"end":{"line":56,"column":null}},"15":{"start":{"line":58,"column":6},"end":{"line":58,"column":null}},"16":{"start":{"line":66,"column":4},"end":{"line":100,"column":null}},"17":{"start":{"line":69,"column":6},"end":{"line":87,"column":null}},"18":{"start":{"line":70,"column":25},"end":{"line":70,"column":null}},"19":{"start":{"line":71,"column":8},"end":{"line":75,"column":null}},"20":{"start":{"line":72,"column":10},"end":{"line":72,"column":null}},"21":{"start":{"line":76,"column":23},"end":{"line":76,"column":null}},"22":{"start":{"line":77,"column":8},"end":{"line":84,"column":null}},"23":{"start":{"line":86,"column":8},"end":{"line":86,"column":null}},"24":{"start":{"line":89,"column":6},"end":{"line":91,"column":null}},"25":{"start":{"line":90,"column":8},"end":{"line":90,"column":null}},"26":{"start":{"line":93,"column":6},"end":{"line":95,"column":null}},"27":{"start":{"line":94,"column":8},"end":{"line":94,"column":null}},"28":{"start":{"line":97,"column":6},"end":{"line":97,"column":null}},"29":{"start":{"line":99,"column":6},"end":{"line":99,"column":null}},"30":{"start":{"line":107,"column":17},"end":{"line":107,"column":null}},"31":{"start":{"line":108,"column":22},"end":{"line":119,"column":null}},"32":{"start":{"line":122,"column":4},"end":{"line":127,"column":null}},"33":{"start":{"line":123,"column":25},"end":{"line":123,"column":null}},"34":{"start":{"line":124,"column":6},"end":{"line":124,"column":null}},"35":{"start":{"line":126,"column":6},"end":{"line":126,"column":null}},"36":{"start":{"line":131,"column":22},"end":{"line":133,"column":null}},"37":{"start":{"line":134,"column":4},"end":{"line":134,"column":null}}},"fnMap":{"0":{"name":"generateChecksum","decl":{"start":{"line":10,"column":2},"end":{"line":10,"column":19}},"loc":{"start":{"line":10,"column":43},"end":{"line":21,"column":null}},"line":10},"1":{"name":"createQRCodePayload","decl":{"start":{"line":26,"column":2},"end":{"line":26,"column":null}},"loc":{"start":{"line":32,"column":19},"end":{"line":41,"column":null}},"line":32},"2":{"name":"encodeQRCodePayload","decl":{"start":{"line":46,"column":2},"end":{"line":46,"column":22}},"loc":{"start":{"line":46,"column":54},"end":{"line":60,"column":null}},"line":46},"3":{"name":"verifyQRCodePayload","decl":{"start":{"line":65,"column":2},"end":{"line":65,"column":22}},"loc":{"start":{"line":65,"column":128},"end":{"line":101,"column":null}},"line":65},"4":{"name":"generateQRCodeDataUrl","decl":{"start":{"line":106,"column":2},"end":{"line":106,"column":24}},"loc":{"start":{"line":106,"column":56},"end":{"line":128,"column":null}},"line":106},"5":{"name":"generateQRCodeDataURL","decl":{"start":{"line":130,"column":2},"end":{"line":130,"column":24}},"loc":{"start":{"line":130,"column":46},"end":{"line":135,"column":null}},"line":130}},"branchMap":{"0":{"loc":{"start":{"line":11,"column":20},"end":{"line":11,"column":null}},"type":"cond-expr","locations":[{"start":{"line":11,"column":52},"end":{"line":11,"column":64}},{"start":{"line":11,"column":64},"end":{"line":11,"column":null}}],"line":11},"1":{"loc":{"start":{"line":29,"column":4},"end":{"line":29,"column":null}},"type":"default-arg","locations":[{"start":{"line":29,"column":25},"end":{"line":29,"column":null}}],"line":29},"2":{"loc":{"start":{"line":30,"column":4},"end":{"line":30,"column":null}},"type":"default-arg","locations":[{"start":{"line":30,"column":33},"end":{"line":30,"column":null}}],"line":30},"3":{"loc":{"start":{"line":31,"column":4},"end":{"line":31,"column":null}},"type":"default-arg","locations":[{"start":{"line":31,"column":4},"end":{"line":31,"column":null}}],"line":31},"4":{"loc":{"start":{"line":56,"column":13},"end":{"line":56,"column":null}},"type":"cond-expr","locations":[{"start":{"line":56,"column":42},"end":{"line":56,"column":57}},{"start":{"line":56,"column":57},"end":{"line":56,"column":null}}],"line":56},"5":{"loc":{"start":{"line":69,"column":6},"end":{"line":87,"column":null}},"type":"if","locations":[{"start":{"line":69,"column":6},"end":{"line":87,"column":null}},{"start":{"line":85,"column":13},"end":{"line":87,"column":null}}],"line":69},"6":{"loc":{"start":{"line":72,"column":23},"end":{"line":72,"column":null}},"type":"cond-expr","locations":[{"start":{"line":72,"column":52},"end":{"line":72,"column":77}},{"start":{"line":72,"column":77},"end":{"line":72,"column":null}}],"line":72},"7":{"loc":{"start":{"line":78,"column":22},"end":{"line":78,"column":null}},"type":"binary-expr","locations":[{"start":{"line":78,"column":22},"end":{"line":78,"column":38}},{"start":{"line":78,"column":38},"end":{"line":78,"column":null}}],"line":78},"8":{"loc":{"start":{"line":79,"column":20},"end":{"line":79,"column":null}},"type":"binary-expr","locations":[{"start":{"line":79,"column":20},"end":{"line":79,"column":34}},{"start":{"line":79,"column":34},"end":{"line":79,"column":null}}],"line":79},"9":{"loc":{"start":{"line":80,"column":16},"end":{"line":80,"column":null}},"type":"binary-expr","locations":[{"start":{"line":80,"column":16},"end":{"line":80,"column":29}},{"start":{"line":80,"column":29},"end":{"line":80,"column":null}}],"line":80},"10":{"loc":{"start":{"line":81,"column":22},"end":{"line":81,"column":null}},"type":"binary-expr","locations":[{"start":{"line":81,"column":22},"end":{"line":81,"column":36}},{"start":{"line":81,"column":36},"end":{"line":81,"column":null}}],"line":81},"11":{"loc":{"start":{"line":82,"column":24},"end":{"line":82,"column":null}},"type":"binary-expr","locations":[{"start":{"line":82,"column":24},"end":{"line":82,"column":39}},{"start":{"line":82,"column":39},"end":{"line":82,"column":null}}],"line":82},"12":{"loc":{"start":{"line":89,"column":6},"end":{"line":91,"column":null}},"type":"if","locations":[{"start":{"line":89,"column":6},"end":{"line":91,"column":null}},{"start":{},"end":{}}],"line":89},"13":{"loc":{"start":{"line":89,"column":10},"end":{"line":89,"column":75}},"type":"binary-expr","locations":[{"start":{"line":89,"column":10},"end":{"line":89,"column":33}},{"start":{"line":89,"column":33},"end":{"line":89,"column":54}},{"start":{"line":89,"column":54},"end":{"line":89,"column":75}}],"line":89},"14":{"loc":{"start":{"line":93,"column":6},"end":{"line":95,"column":null}},"type":"if","locations":[{"start":{"line":93,"column":6},"end":{"line":95,"column":null}},{"start":{},"end":{}}],"line":93},"15":{"loc":{"start":{"line":123,"column":25},"end":{"line":123,"column":null}},"type":"cond-expr","locations":[{"start":{"line":123,"column":54},"end":{"line":123,"column":72}},{"start":{"line":123,"col
[...]
,"D:\\Application\\Gesco-main\\src\\services\\finance\\tuitionPaymentService.ts": {"path":"D:\\Application\\Gesco-main\\src\\services\\finance\\tuitionPaymentService.ts","statementMap":{"0":{"start":{"line":13,"column":62},"end":{"line":13,"column":null}},"1":{"start":{"line":14,"column":21},"end":{"line":14,"column":null}},"2":{"start":{"line":17,"column":2},"end":{"line":17,"column":null}},"3":{"start":{"line":18,"column":2},"end":{"line":18,"column":null}},"4":{"start":{"line":21,"column":64},"end":{"line":28,"column":null}},"5":{"start":{"line":30,"column":37},"end":{"line":301,"column":null}},"6":{"start":{"line":35,"column":4},"end":{"line":65,"column":null}},"7":{"start":{"line":36,"column":6},"end":{"line":62,"column":null}},"8":{"start":{"line":37,"column":32},"end":{"line":41,"column":null}},"9":{"start":{"line":43,"column":8},"end":{"line":61,"column":null}},"10":{"start":{"line":44,"column":10},"end":{"line":60,"column":null}},"11":{"start":{"line":44,"column":39},"end":{"line":60,"column":12}},"12":{"start":{"line":67,"column":4},"end":{"line":67,"column":null}},"13":{"start":{"line":67,"column":65},"end":{"line":67,"column":96}},"14":{"start":{"line":77,"column":4},"end":{"line":79,"column":null}},"15":{"start":{"line":78,"column":6},"end":{"line":78,"column":null}},"16":{"start":{"line":81,"column":4},"end":{"line":83,"column":null}},"17":{"start":{"line":82,"column":6},"end":{"line":82,"column":null}},"18":{"start":{"line":86,"column":24},"end":{"line":86,"column":null}},"19":{"start":{"line":87,"column":23},"end":{"line":87,"column":null}},"20":{"start":{"line":87,"column":47},"end":{"line":87,"column":74}},"21":{"start":{"line":89,"column":4},"end":{"line":91,"column":null}},"22":{"start":{"line":90,"column":6},"end":{"line":90,"column":null}},"23":{"start":{"line":93,"column":4},"end":{"line":95,"column":null}},"24":{"start":{"line":94,"column":6},"end":{"line":94,"column":null}},"25":{"start":{"line":98,"column":4},"end":{"line":103,"column":null}},"26":{"start":{"line":99,"column":6},"end":{"line":102,"column":null}},"27":{"start":{"line":106,"column":26},"end":{"line":106,"column":null}},"28":{"start":{"line":107,"column":22},"end":{"line":107,"column":null}},"29":{"start":{"line":108,"column":23},"end":{"line":108,"column":null}},"30":{"start":{"line":110,"column":48},"end":{"line":123,"column":null}},"31":{"start":{"line":125,"column":4},"end":{"line":125,"column":null}},"32":{"start":{"line":128,"column":39},"end":{"line":128,"column":null}},"33":{"start":{"line":129,"column":32},"end":{"line":146,"column":null}},"34":{"start":{"line":130,"column":6},"end":{"line":130,"column":null}},"35":{"start":{"line":130,"column":45},"end":{"line":130,"column":null}},"36":{"start":{"line":132,"column":34},"end":{"line":132,"column":null}},"37":{"start":{"line":133,"column":6},"end":{"line":133,"column":null}},"38":{"start":{"line":133,"column":36},"end":{"line":133,"column":null}},"39":{"start":{"line":135,"column":33},"end":{"line":135,"column":null}},"40":{"start":{"line":136,"column":6},"end":{"line":136,"column":null}},"41":{"start":{"line":138,"column":22},"end":{"line":138,"column":null}},"42":{"start":{"line":139,"column":21},"end":{"line":139,"column":null}},"43":{"start":{"line":141,"column":6},"end":{"line":145,"column":null}},"44":{"start":{"line":148,"column":25},"end":{"line":148,"column":null}},"45":{"start":{"line":149,"column":32},"end":{"line":149,"column":null}},"46":{"start":{"line":152,"column":4},"end":{"line":152,"column":null}},"47":{"start":{"line":153,"column":4},"end":{"line":153,"column":null}},"48":{"start":{"line":154,"column":4},"end":{"line":154,"column":null}},"49":{"start":{"line":155,"column":4},"end":{"line":155,"column":null}},"50":{"start":{"line":158,"column":20},"end":{"line":158,"column":null}},"51":{"start":{"line":160,"column":4},"end":{"line":164,"column":null}},"52":{"start":{"line":174,"column":22},"end":{"line":174,"column":null}},"53":{"start":{"line":176,"column":24},"end":{"line":176,"column":null}},"54":{"start":{"line":177,"column":21},"end":{"line":177,"column":null}},"55":{"start":{"line":178,"column":22},"end":{"line":185,"column":null}},"56":{"start":{"line":187,"column":24},"end":{"line":229,"column":null}},"57":{"start":{"line":235,"column":4},"end":{"line":250,"column":null}},"58":{"start":{"line":261,"column":20},"end":{"line":261,"column":null}},"59":{"start":{"line":262,"column":4},"end":{"line":264,"column":null}},"60":{"start":{"line":263,"column":6},"end":{"line":263,"column":null}},"61":{"start":{"line":266,"column":4},"end":{"line":268,"column":null}},"62":{"start":{"line":267,"column":6},"end":{"line":267,"column":null}},"63":{"start":{"line":271,"column":4},"end":{"line":271,"column":null}},"64":{"start":{"line":272,"column":4},"end":{"line":272,"column":null}},"65":{"start":{"line":273,"column":4},"end":{"line":273,"column":null}},"66":{"start":{"line":274,"column":4},"end":{"line":274,"column":null}},"67":{"start":{"line":275,"column":4},"end":{"line":275,"column":null}},"68":{"start":{"line":276,"column":4},"end":{"line":276,"column":null}},"69":{"start":{"line":279,"column":24},"end":{"line":279,"column":null}},"70":{"start":{"line":280,"column":23},"end":{"line":280,"column":null}},"71":{"start":{"line":280,"column":47},"end":{"line":280,"column":76}},"72":{"start":{"line":282,"column":4},"end":{"line":297,"column":null}},"73":{"start":{"line":283,"column":6},"end":{"line":283,"column":null}},"74":{"start":{"line":284,"column":6},"end":{"line":284,"column":null}},"75":{"start":{"line":287,"column":26},"end":{"line":287,"column":null}},"76":{"start":{"line":288,"column":6},"end":{"line":296,"column":null}},"77":{"start":{"line":289,"column":8},"end":{"line":291,"column":null}},"78":{"start":{"line":290,"column":10},"end":{"line":290,"column":null}},"79":{"start":{"line":292,"column":28},"end":{"line":292,"column":null}},"80":{"start":{"line":293,"column":8},"end":{"line":293,"column":null}},"81":{"start":{"line":294,"column":23},"end":{"line":294,"column":null}},"82":{"start":{"line":295,"column":8},"end":{"line":295,"column":null}},"83":{"start":{"line":299,"column":4},"end":{"line":299,"column":null}}},"fnMap":{"0":{"name":"clearTuitionPaymentsStore","decl":{"start":{"line":16,"column":16},"end":{"line":16,"column":44}},"loc":{"start":{"line":16,"column":44},"end":{"line":19,"column":null}},"line":16},"1":{"name":"getPaymentsByEnrollment","decl":{"start":{"line":34,"column":8},"end":{"line":34,"column":32}},"loc":{"start":{"line":34,"column":87},"end":{"line":68,"column":null}},"line":34},"2":{"name":"(anonymous_2)","decl":{"start":{"line":44,"column":26},"end":{"line":44,"column":27}},"loc":{"start":{"line":44,"column":39},"end":{"line":60,"column":12}},"line":44},"3":{"name":"(anonymous_3)","decl":{"start":{"line":67,"column":58},"end":{"line":67,"column":59}},"loc":{"start":{"line":67,"column":65},"end":{"line":67,"column":96}},"line":67},"4":{"name":"recordPayment","decl":{"start":{"line":73,"column":8},"end":{"line":73,"column":null}},"loc":{"start":{"line":75,"column":87},"end":{"line":165,"column":null}},"line":75},"5":{"name":"(anonymous_5)","decl":{"start":{"line":87,"column":40},"end":{"line":87,"column":41}},"loc":{"start":{"line":87,"column":47},"end":{"line":87,"column":74}},"line":87},"6":{"name":"(anonymous_6)","decl":{"start":{"line":129,"column":60},"end":{"line":129,"column":61}},"loc":{"start":{"line":129,"column":70},"end":{"line":146,"column":5}},"line":129},"7":{"name":"generateReceiptData","decl":{"start":{"line":170,"column":8},"end":{"line":170,"column":null}},"loc":{"start":{"line":173,"column":26},"end":{"line":251,"column":null}},"line":173},"8":{"name":"cancelPayment","decl":{"start":{"line":256,"column":8},"end":{"line":256,"column":null}},"loc":{"start":{"line":260,"column":39},"end":{"line":300,"column":null}},"line":260},"9":{"name":"(anonymous_9)","decl":{"start":{"line":280,"column":40},"end":{"line":280,"column":41}},"loc":{"start":{"line":280,"column":47},"end":{"line":280,"column":76}},"line":280},"10":{"name":"(anonymous_10)","decl":{"start":{"line":288,"column":60},"end":{"line":288,"column":61}},"loc":{"start":{"line":288,"column":70},"end":{"line":296,"column":7}},"line":288}},"branchMap":{"0":{"loc":{"start":{"line":36,"column":6},"end":{"line":62,"column":null}},"type":"if","locations":[{"start":{"line":36,"column":6},"end":{"line":62,"column":null}},{"start":{},"end":{}}],"line":36},"1":{"loc":{"start":{"line":43,"column":8},"end":{"line":61,"column":null}},"type":"if","locations":[{"start":{"line":43,"column":8},"end":{"line":61,"column":null}},{"start":{},"end":{}}],"line":43},"2":{"loc":{"start":{"line":43,"column":12},"end":{"line":43,"column":47}},"type":"binary-expr","locations":[{"start":{"line":43,"column":12},"end":{"line":43,"column":22}},{"start":{"line":43,"column":22},"end":{"line":43,"column":30}},{"start":{"line":43,"column":30},"end":{"line":43,"column":47}}],"line":43},"3":{"loc":{"start":{"line":48,"column":27},"end":{"line":48,"column":40}},"type":"binary-expr","locations":[{"start":{"line":48,"column":27},"end":{"line":48,"column":39}},{"start":{"line":48,"column":39},"end":{"line":48,"column":40}}],"line":48},"4":{"loc":{"start":{"line":53,"column":24},"end":{"line":53,"column":null}},"type":"binary-expr","locations":[{"start":{"line":53,"column":24},"end":{"line":53,"column":41}},{"start":{"line":53,"column":41},"end":{"line":53,"column":null}}],"line":53},"5":{"loc":{"start":{"line":54,"column":20},"end":{"line":54,"column":null}},"type":"binary-expr","locations":[{"start":{"line":54,"column":20},"end":{"line":54,"column":32}},{"start":{"line":54,"column":32},"end":{"line":54,"column":null}}],"line":54},"6":{"loc":{"start":{"line":77,"column":4},"end":{"line":79,"column":null}},"type":"if","locations":[{"start":{"line":77,"column":4},"end":{"line":79,"column":null}},{"start":{},"end":{}}],"line":77},"7":{"loc":{"start":{"line":81,"column":4},"end":{"line":83,"column":null}},"type":"if","locations":[{"start":{"line":81,"column":4},"end":{"line":83,"column":null}},{"start":{},"end":{}}],"line":81},"8":{"loc":{"start":{"line":89,"column":4},"end":{"line":91,"column":null}},"type":"if","locations":[{"start":{"line":89,"column":4},"end":{"line":91,"column":null}},{"start":{},"end":{}}],"line":89},"9":{"loc":{"start":{"line":93,"column":4},"end":{"line":95,"column":null}},"type":"if","locations":[{"start":{"line":93,"column":4},"end":{"line":95,"column":null}},{"start":{},"end":{}}],"line":93},"10":{"loc":{"start":{"line":98,"column":4},"end":{"line":103,"column":null}},"type":"if","locations":[{"start":{"line":98,"column":4},"end":{"line":103,"column":null}},{"start":{},"end":{}}],"line":98},"11":{"loc":{"start":{"line":98,"column":8},"end":{"line":98,"column":81}},"type":"binary-expr","locations":[{"start":{"line":98,"column":8},"end":{"line":98,"column":54}},{"start":{"line":98,"column":54},"end":{"line":98,"column":81}}],"line":98},"12":{"loc":{"start":{"line":108,"column":23},"end":{"line":108,"column":null}},"type":"binary-expr","locations":[{"start":{"line":108,"column":23},"end":{"line":108,"column":43}},{"start":{"line":108,"column":43},"end":{"line":108,"column":null}}],"line":108},"13":{"loc":{"start":{"line":115,"column":19},"end":{"line":115,"column":null}},"type":"binary-expr","locations":[{"start":{"line":115,"column":19},"end":{"line":115,"column":40}},{"start":{"line":115,"column":25},"end":{"line":115,"column":null}}],"line":115},"14":{"loc":{"start":{"line":130,"column":6},"end":{"line":130,"column":null}},"type":"if","locations":[{"start":{"line":130,"column":6},"end":{"line":130,"column":null}},{"start":{},"end":{}}],"line":130},"15":{"loc":{"start":{"line":133,"column":6},"end":{"line":133,"column":null}},"type":"if","locations":[{"start":{"line":133,"column":6},"end":{"line":133,"column":null}},{"start":{},"end":{}}],"line":133},"16":{"loc":{"start":{"line":139,"column":21},"end":{"line":139,"column":null}},"type":"cond-expr","locations":[{"start":{"line":139,"column":50},"end":{"line":139,"column":70}},{"start":{"line":139,"column":70},"end":{"line":139,"column":null}}],"line":139},"17":{"loc":{"start":{"line":174,"column":22},"end":{"line":174,"column":null}},"type":"binary-expr","locations":[{"start":{"line":174,"column":22},"end":{"line":174,"column":66}},{"start":{"line":174,"column":66},"end":{"line":174,"column":null}}],"line":174},"18":{"loc":{"start":{"line":213,"column":58},"end":{"line":213,"column":102}},"type":"binary-expr","locations":[{"start":{"line":213,"column":58},"end":{"line":213,"column":86}},{"start":{"line":213,"column":86},"end":{"line":213,"column":102}}],"line":213},"19":{"loc":{"start":{"line":214,"column":107},"end":{"line":214,"column":139}},"type":"binary-expr","locations":[{"start":{"line":214,"column":107},"end":{"line":214,"column":134}},{"start":{"line":214,"column":134},"end":{"line":214,"column":139}}],"line":214},"20":{"loc":{"start":{"line":241,"column":21},"end":{"line":241,"column":null}},"type":"binary-expr","locations":[{"start":{"line":241,"column":21},"end":{"line":241,"column":49}},{"start":{"line":241,"column":49},"end":{"line":241,"column":null}}],"line":241},"21":{"loc":{"start":{"line":258,"column":4},"end":{"line":258,"column":null}},"type":"default-arg","locations":[{"start":{"line":258,"column":26},"end":{"line":258,"column":null}}],"line":258},"22":{"loc":{"start":{"line":259,"column":4},"end":{"line":259,"column":null}},"type":"default-arg","locations":[{"start":{"line":259,"column":21},"end":{"line":259,"column":null}}],"line":259},"23":{"loc":{"start":{"line":262,"column":4},"end":{"line":264,"column":null}},"type":"if","locations":[{"start":{"line":262,"column":4},"end":{"line":264,"column":null}},{"start":{},"end":{}}],"line":262},"24":{"loc":{"start":{"line":266,"column":4},"end":{"line":268,"column":null}},"type":"if","locations":[{"start":{"line":266,"column":4},"end":{"line":268,"column":null}},{"start":{},"end":{}}],"line":266},"25":{"loc":{"start":{"line":282,"column":4},"end":{"line":297,"column":null}},"type":"if","locations":[{"start":{"line":282,"column":4},"end":{"line":297,"column":null}},{"start":{},"end":{}}],"line":282},"26":{"loc":{"start":{"line":289,"column":8},"end":{"line":291,"column":null}},"type":"if","locations":[{"start":{"line":289,"column":8},"end":{"line":291,"column":null}},{"start":{},"end":{}}],"line":289},"27":{"loc":{"start":{"line":294,"column":23},"end":{"line":294,"column":null}},"type":"cond-expr","locations":[{"start":{"line":294,"column":56},"end":{"line":294,"column":76}},{"start":{"line":294,"column":76},"end":{"line":294,"column":null}}],"line":294}},"s":{"0":1,"1":1,"2":6,"3":6,"4":1,"5":1,"6":1,"7":1,"8":1,"9":1,"10":0,"11":0,"12":1,"13":0,"14":0,"15":0,"16":0,"17":0,"18":0,"19":0,"20":0,"21":0,"22":0,"23":0,"24":0,"25":0,"26":0,"27":0,"28":0,"29":0,"30":0,"31":0,"32":0,"33":0,"34":0,"35":0,"36":0,"37":0,"38":0,"39":0,"40":0,"41":0,"42":0,"43":0,"44":0,"45":0,"46":0,"47":0,"48":0,"49":0,"50":0,"51":0,"52":0,"53":0,"54":0,"55":0,"56":0,"57":0,"58":0,"59":0,"60":0,"61":0,"62":0,"63":0,"64":0,"65":0,"66":0,"67":0,"68":0,"69":0,"70":0,"71":0,"72":0,"73":0,"74":0,"75":0,"76":0,"77":0,"78":0,"79":0,"80":0,"81":0,"82":0,"83":0},"f":{"0":6,"1":1,"2":0,"3":0,"4":0,"5":0,"6":0,"7":0,"8":0,"9":0,"10":0},"b":{"0":[1,0],"1":[0,1],"2":[1,0,0],"3":[0,0],"4":[0,0],"5":[0,0],"6":[0,0],"7":[0,0],"8":[0,0],"9":[0,0],"10":[0,0],"11":[0,0],"12":[0,0],"13":[0,0],"14":[0,0],"15":[0,0],"16":[0,0],"17":[0,0],"18":[0,0],"19":[0,0],"20":[0,0],"21":[0],"22":[0],"23":[0,0],"24":[0,0],"25":[0,0],"26":[0,0],"27":[0,0]},"meta":{"lastBranch":28,"lastFunction":11,"lastStatement":84,"seen":{"s:13:62:13:Infinity":0,"s:14:21:14:Infinity":1,"f:16:16:16:44":0,"s:17:2:17:Infinity":2,"s:18:2:18:Infinity":3,"s:21:64:28:Infinity":4,"s:30:37:301:Infinity":5,"f:34:8:34:32":1,"s:35:4:65:Infinity":6,"b:36:6:62:Infinity:undefined:undefined:undefined:undefined":0,"s:36:6:62:Infinity":7,"s:37:32:41:Infinity":8,"b:43:8:61:Infinity:undefined:undefined:undefined:undefined":1,"s:43:8:61:Infinity":9,"b:43:12:43:22:43:22:43:30:43:30:43:47":2,"s:44:10:60:Infinity":10,"f:44:26:44:27":2,"s:44:39:60:12":11,"b:48:27:48:39:48:39:48:40":3,"b:53:24:53:41:53:41:53:Infinity":4,"b:54:20:54:32:54:32:54:Infinity":5,"s:67:4:67:Infinity":12,"f:67:58:67:59":3,"s:67:65:67:96":13,"f:73:8:73:Infinity":4,"b:77:4:79:Infinity:undefined:undefined:undefined:undefined":6,"s:77:4:79:Infinity":14,"s:78:6:78:Infinity":15,"b:81:4:83:Infinity:undefined:undefined:undefined:undefined":7,"s:81:4:83:Infinity":16,"s:82:6:82:Infinity":17,"s:86:24:86:Infinity":18,"s:87:23:87:Infinity":19,"f:87:40:87:41":5,"s:87:47:87:74":20,"b:89:4:91:Infinity:undefined:undefined:undefined:undefined":8,"s:89:4:91:Infinity":21,"s:90:6:90:Infinity":22,"b:93:4:95:Infinity:undefined:undefined:undefined:undefined":9,"s:93:4:95:Infinity":23,"s:94:6:94:Infinity":24,"b:98:4:103:Infinity:undefined:undefined:undefined:undefined":10,"s:98:4:103:Infinity":25,"b:98:8:98:54:98:54:98:81":11,"s:99:6:102:Infinity":26,"s:106:26:106:Infinity":27,"s:107:22:107:Infinity":28,"s:108:23:108:Infinity":29,"b:108:23:108:43:108:43:108:Infinity":12,"s:110:48:123:Infinity":30,"b:115:19:115:40:115:25:115:Infinity":13,"s:125:4:125:Infinity":31,"s:128:39:128:Infinity":32,"s:129:32:146:Infinity":33,"f:129:60:129:61":6,"b:130:6:130:Infinity:undefined:undefined:undefined:undefined":14,"s:130:6:130:Infinity":34,"s:130:45:130:Infinity":35,"s:132:34:132:Infinity":36,"b:133:6:133:Infinity:undefined:undefined:undefined:undefined":15,"s:133:6:133:Infinity":37,"s:133:36:133:Infinity":38,"s:135:33:135:Infinity":39,"s:136:6:136:Infinity":40,"s:138:22:138:Infinity":41,"s:139:21:139:Infinity":42,"b:139:50:139:70:139:70:139:Infinity":16,"s:141:6:145:Infinity":43,"s:148:25:148:Infinity":44,"s:149:32:149:Infinity":45,"s:152:4:152:Infinity":46,"s:153:4:153:Infinity":47,"s:154:4:154:Infinity":48,"s:155:4:155:Infinity":49,"s:158:20:158:Infinity":50,"s:160:4:164:Infinity":51,"f:170:8:170:Infinity":7,"s:174:22:174:Infinity":52,"b:174:22:174:66:174:66:174:Infinity":17,"s:176:24:176:Infinity":53,"s:177:21:177:Infinity":54,"s:178:22:185:Infinity":55,"s:187:24:229:Infinity":56,"b:213:58:213:86:213:86:213:102":18,"b:214:107:214:134:214:134:214:139":19,"s:235:4:250:Infinity":57,"b:241:21:241:49:241:49:241:Infinity":20,"f:256:8:256:Infinity":8,"b:258:26:258:Infinity":21,"b:259:21:259:Infinity":22,"s:261:20:261:Infinity":58,"b:262:4:264:Infinity:undefined:undefined:undefined:undefined":23,"s:262:4:264:Infinity":59,"s:263:6:263:Infinity":60,"b:266:4:268:Infinity:undefined:undefined:undefined:undefined":24,"s:266:4:268:Infinity":61,"s:267:6:267:Infinity":62,"s:271:4:271:Infinity":63,"s:272:4:272:Infinity":64,"s:273:4:273:Infinity":65,"s:274:4:274:Infinity":66,"s:275:4:275:Infinity":67,"s:276:4:276:Infinity":68,"s:279:24:279:Infinity":69,"s:280:23:280:Infinity":70,"f:280:40:280:41":9,"s:280:47:280:76":71,"b:282:4:297:Infinity:undefined:undefined:undefined:undefined":25,"s:282:4:297:Infinity":72,"s:283:6:283:Infinity":73,"s:284:6:284:Infinity":74,"s:287:26:287:Infinity":75,"s:288:6:296:Infinity":76,"f:288:60:288:61":10,"b:289:8:291:Infinity:undefined:undefined:undefined:undefined":26,"s:289:8:291:Infinity":77,"s:290:10:290:Infinity":78,"s:292:28:292:Infinity":79,"s:293:8:293:Infinity":80,"s:294:23:294:Infinity":81,"b:294:56:294:76:294:76:294:Infinity":27,"s:295:8:295:Infinity":82,"s:299:4:299:Infinity":83},"fnNames":{}}}
,"D:\\Application\\Gesco-main\\src\\services\\finance\\types.ts": {"path":"D:\\Application\\Gesco-main\\src\\services\\finance\\types.ts","statementMap":{},"fnMap":{},"branchMap":{},"s":{},"f":{},"b":{},"meta":{"lastBranch":0,"lastFunction":0,"lastStatement":0,"seen":{},"fnNames":{}}}
}
